{"/home/travis/build/npmtest/node-npmtest-ndm/test.js":{"path":"/home/travis/build/npmtest/node-npmtest-ndm/test.js","s":{"1":2,"2":2,"3":2,"4":2,"5":2,"6":2,"7":2,"8":1,"9":2,"10":2,"11":1,"12":1,"13":1,"14":1,"15":2,"16":2,"17":2,"18":2,"19":1,"20":1,"21":2,"22":2,"23":2,"24":1,"25":1,"26":1,"27":1,"28":1,"29":1,"30":1,"31":1,"32":1,"33":1,"34":1,"35":1,"36":1,"37":1,"38":1,"39":2,"40":2,"41":1,"42":2,"43":2,"44":1,"45":2,"46":2,"47":1,"48":2,"49":2,"50":1,"51":1,"52":1,"53":1,"54":1},"b":{"1":[2,1,1,1],"2":[1,1,1,1],"3":[1,1],"4":[1,1],"5":[1,1],"6":[1,1],"7":[1,1],"8":[1,1],"9":[1,1],"10":[1,1,1],"11":[1,1],"12":[1,1],"13":[1,1],"14":[1,1],"15":[1,1],"16":[1,1],"17":[1,1]},"f":{"1":2,"2":2,"3":2,"4":2,"5":2,"6":1,"7":1,"8":1,"9":2,"10":2,"11":2,"12":2,"13":1},"fnMap":{"1":{"name":"(anonymous_1)","line":12,"loc":{"start":{"line":12,"column":1},"end":{"line":12,"column":13}}},"2":{"name":"(anonymous_2)","line":19,"loc":{"start":{"line":19,"column":5},"end":{"line":19,"column":17}}},"3":{"name":"(anonymous_3)","line":23,"loc":{"start":{"line":23,"column":24},"end":{"line":23,"column":36}}},"4":{"name":"(anonymous_4)","line":61,"loc":{"start":{"line":61,"column":5},"end":{"line":61,"column":17}}},"5":{"name":"(anonymous_5)","line":82,"loc":{"start":{"line":82,"column":5},"end":{"line":82,"column":17}}},"6":{"name":"(anonymous_6)","line":91,"loc":{"start":{"line":91,"column":77},"end":{"line":94,"column":10}}},"7":{"name":"(anonymous_7)","line":112,"loc":{"start":{"line":112,"column":83},"end":{"line":115,"column":10}},"skip":true},"8":{"name":"(anonymous_8)","line":123,"loc":{"start":{"line":123,"column":77},"end":{"line":126,"column":10}},"skip":true},"9":{"name":"(anonymous_9)","line":139,"loc":{"start":{"line":139,"column":12},"end":{"line":139,"column":40}},"skip":true},"10":{"name":"(anonymous_10)","line":147,"loc":{"start":{"line":147,"column":77},"end":{"line":150,"column":10}},"skip":true},"11":{"name":"(anonymous_11)","line":158,"loc":{"start":{"line":158,"column":83},"end":{"line":161,"column":10}},"skip":true},"12":{"name":"(anonymous_12)","line":169,"loc":{"start":{"line":169,"column":79},"end":{"line":172,"column":10}},"skip":true},"13":{"name":"(anonymous_13)","line":180,"loc":{"start":{"line":180,"column":75},"end":{"line":183,"column":10}},"skip":true}},"statementMap":{"1":{"start":{"line":12,"column":0},"end":{"line":195,"column":5}},"2":{"start":{"line":14,"column":4},"end":{"line":14,"column":14}},"3":{"start":{"line":19,"column":4},"end":{"line":56,"column":9}},"4":{"start":{"line":21,"column":8},"end":{"line":21,"column":19}},"5":{"start":{"line":23,"column":8},"end":{"line":35,"column":13}},"6":{"start":{"line":24,"column":12},"end":{"line":34,"column":13}},"7":{"start":{"line":25,"column":16},"end":{"line":28,"column":30}},"8":{"start":{"line":30,"column":16},"end":{"line":33,"column":27}},"9":{"start":{"line":37,"column":8},"end":{"line":39,"column":21}},"10":{"start":{"line":40,"column":8},"end":{"line":53,"column":9}},"11":{"start":{"line":43,"column":12},"end":{"line":46,"column":14}},"12":{"start":{"line":47,"column":12},"end":{"line":47,"column":18}},"13":{"start":{"line":50,"column":12},"end":{"line":51,"column":33}},"14":{"start":{"line":52,"column":12},"end":{"line":52,"column":18}},"15":{"start":{"line":55,"column":8},"end":{"line":55,"column":35}},"16":{"start":{"line":61,"column":4},"end":{"line":63,"column":9}},"17":{"start":{"line":62,"column":8},"end":{"line":62,"column":15}},"18":{"start":{"line":64,"column":4},"end":{"line":77,"column":5}},"19":{"start":{"line":70,"column":8},"end":{"line":70,"column":14}},"20":{"start":{"line":76,"column":8},"end":{"line":76,"column":14}},"21":{"start":{"line":82,"column":4},"end":{"line":84,"column":9}},"22":{"start":{"line":83,"column":8},"end":{"line":83,"column":15}},"23":{"start":{"line":85,"column":4},"end":{"line":194,"column":5}},"24":{"start":{"line":91,"column":8},"end":{"line":99,"column":10}},"25":{"start":{"line":98,"column":12},"end":{"line":98,"column":35}},"26":{"start":{"line":102,"column":8},"end":{"line":104,"column":63}},"27":{"start":{"line":105,"column":8},"end":{"line":105,"column":14}},"28":{"start":{"line":112,"column":8},"end":{"line":121,"column":10},"skip":true},"29":{"start":{"line":119,"column":12},"end":{"line":119,"column":55},"skip":true},"30":{"start":{"line":120,"column":12},"end":{"line":120,"column":48},"skip":true},"31":{"start":{"line":123,"column":8},"end":{"line":136,"column":10},"skip":true},"32":{"start":{"line":130,"column":12},"end":{"line":130,"column":76},"skip":true},"33":{"start":{"line":131,"column":12},"end":{"line":131,"column":73},"skip":true},"34":{"start":{"line":132,"column":12},"end":{"line":132,"column":74},"skip":true},"35":{"start":{"line":133,"column":12},"end":{"line":133,"column":79},"skip":true},"36":{"start":{"line":134,"column":12},"end":{"line":134,"column":25},"skip":true},"37":{"start":{"line":135,"column":12},"end":{"line":135,"column":45},"skip":true},"38":{"start":{"line":138,"column":8},"end":{"line":145,"column":14},"skip":true},"39":{"start":{"line":143,"column":16},"end":{"line":143,"column":29},"skip":true},"40":{"start":{"line":144,"column":16},"end":{"line":144,"column":55},"skip":true},"41":{"start":{"line":147,"column":8},"end":{"line":156,"column":10},"skip":true},"42":{"start":{"line":154,"column":12},"end":{"line":154,"column":25},"skip":true},"43":{"start":{"line":155,"column":12},"end":{"line":155,"column":45},"skip":true},"44":{"start":{"line":158,"column":8},"end":{"line":167,"column":10},"skip":true},"45":{"start":{"line":165,"column":12},"end":{"line":165,"column":25},"skip":true},"46":{"start":{"line":166,"column":12},"end":{"line":166,"column":48},"skip":true},"47":{"start":{"line":169,"column":8},"end":{"line":178,"column":10},"skip":true},"48":{"start":{"line":176,"column":12},"end":{"line":176,"column":25},"skip":true},"49":{"start":{"line":177,"column":12},"end":{"line":177,"column":46},"skip":true},"50":{"start":{"line":180,"column":8},"end":{"line":189,"column":10},"skip":true},"51":{"start":{"line":187,"column":12},"end":{"line":187,"column":94},"skip":true},"52":{"start":{"line":188,"column":12},"end":{"line":188,"column":48},"skip":true},"53":{"start":{"line":192,"column":8},"end":{"line":192,"column":35},"skip":true},"54":{"start":{"line":193,"column":8},"end":{"line":193,"column":14},"skip":true}},"branchMap":{"1":{"line":25,"type":"binary-expr","locations":[{"start":{"line":25,"column":23},"end":{"line":25,"column":62}},{"start":{"line":26,"column":20},"end":{"line":26,"column":70}},{"start":{"line":27,"column":20},"end":{"line":27,"column":71}},{"start":{"line":28,"column":20},"end":{"line":28,"column":29}}]},"2":{"line":30,"type":"binary-expr","locations":[{"start":{"line":30,"column":23},"end":{"line":30,"column":37}},{"start":{"line":31,"column":20},"end":{"line":31,"column":61}},{"start":{"line":32,"column":20},"end":{"line":32,"column":70}},{"start":{"line":33,"column":20},"end":{"line":33,"column":26}}]},"3":{"line":37,"type":"cond-expr","locations":[{"start":{"line":38,"column":14},"end":{"line":38,"column":20}},{"start":{"line":39,"column":14},"end":{"line":39,"column":20}}]},"4":{"line":40,"type":"switch","locations":[{"start":{"line":42,"column":8},"end":{"line":47,"column":18}},{"start":{"line":49,"column":8},"end":{"line":52,"column":18}}]},"5":{"line":44,"type":"binary-expr","locations":[{"start":{"line":44,"column":16},"end":{"line":44,"column":44}},{"start":{"line":44,"column":48},"end":{"line":44,"column":66}}]},"6":{"line":50,"type":"binary-expr","locations":[{"start":{"line":50,"column":21},"end":{"line":50,"column":49}},{"start":{"line":50,"column":53},"end":{"line":50,"column":72}}]},"7":{"line":64,"type":"switch","locations":[{"start":{"line":69,"column":4},"end":{"line":70,"column":14}},{"start":{"line":75,"column":4},"end":{"line":76,"column":14}}]},"8":{"line":85,"type":"switch","locations":[{"start":{"line":90,"column":4},"end":{"line":105,"column":14}},{"start":{"line":111,"column":4},"end":{"line":193,"column":14},"skip":true}]},"9":{"line":91,"type":"binary-expr","locations":[{"start":{"line":91,"column":42},"end":{"line":91,"column":73}},{"start":{"line":91,"column":77},"end":{"line":99,"column":9}}]},"10":{"line":102,"type":"binary-expr","locations":[{"start":{"line":102,"column":18},"end":{"line":102,"column":32}},{"start":{"line":103,"column":12},"end":{"line":103,"column":53}},{"start":{"line":104,"column":12},"end":{"line":104,"column":61}}]},"11":{"line":112,"type":"binary-expr","locations":[{"start":{"line":112,"column":45},"end":{"line":112,"column":79},"skip":true},{"start":{"line":112,"column":83},"end":{"line":121,"column":9},"skip":true}]},"12":{"line":123,"type":"binary-expr","locations":[{"start":{"line":123,"column":42},"end":{"line":123,"column":73},"skip":true},{"start":{"line":123,"column":77},"end":{"line":136,"column":9},"skip":true}]},"13":{"line":138,"type":"binary-expr","locations":[{"start":{"line":138,"column":48},"end":{"line":138,"column":85},"skip":true},{"start":{"line":139,"column":12},"end":{"line":145,"column":13},"skip":true}]},"14":{"line":147,"type":"binary-expr","locations":[{"start":{"line":147,"column":42},"end":{"line":147,"column":73},"skip":true},{"start":{"line":147,"column":77},"end":{"line":156,"column":9},"skip":true}]},"15":{"line":158,"type":"binary-expr","locations":[{"start":{"line":158,"column":45},"end":{"line":158,"column":79},"skip":true},{"start":{"line":158,"column":83},"end":{"line":167,"column":9},"skip":true}]},"16":{"line":169,"type":"binary-expr","locations":[{"start":{"line":169,"column":43},"end":{"line":169,"column":75},"skip":true},{"start":{"line":169,"column":79},"end":{"line":178,"column":9},"skip":true}]},"17":{"line":180,"type":"binary-expr","locations":[{"start":{"line":180,"column":41},"end":{"line":180,"column":71},"skip":true},{"start":{"line":180,"column":75},"end":{"line":189,"column":9},"skip":true}]}},"code":["/* istanbul instrument in package npmtest_ndm */","/*jslint","    bitwise: true,","    browser: true,","    maxerr: 8,","    maxlen: 96,","    node: true,","    nomen: true,","    regexp: true,","    stupid: true","*/","(function () {","    'use strict';","    var local;","","","","    // run shared js-env code - pre-init","    (function () {","        // init local","        local = {};","        // init modeJs","        local.modeJs = (function () {","            try {","                return typeof navigator.userAgent === 'string' &&","                    typeof document.querySelector('body') === 'object' &&","                    typeof XMLHttpRequest.prototype.open === 'function' &&","                    'browser';","            } catch (errorCaughtBrowser) {","                return module.exports &&","                    typeof process.versions.node === 'string' &&","                    typeof require('http').createServer === 'function' &&","                    'node';","            }","        }());","        // init global","        local.global = local.modeJs === 'browser'","            ? window","            : global;","        switch (local.modeJs) {","        // re-init local from window.local","        case 'browser':","            local = local.global.utility2.objectSetDefault(","                local.global.utility2_rollup || local.global.local,","                local.global.utility2","            );","            break;","        // re-init local from example.js","        case 'node':","            local = (local.global.utility2_rollup || require('utility2'))","                .requireReadme();","            break;","        }","        // export local","        local.global.local = local;","    }());","","","","    // run shared js-env code - function","    (function () {","        return;","    }());","    switch (local.modeJs) {","","","","    // run browser js-env code - function","    case 'browser':","        break;","","","","    // run node js-env code - function","    case 'node':","        break;","    }","","","","    // run shared js-env code - post-init","    (function () {","        return;","    }());","    switch (local.modeJs) {","","","","    // run browser js-env code - post-init","    case 'browser':","        local.testCase_browser_nullCase = local.testCase_browser_nullCase || function (","            options,","            onError","        ) {","        /*","         * this function will test browsers's null-case handling-behavior-behavior","         */","            onError(null, options);","        };","","        // run tests","        local.nop(local.modeTest &&","            document.querySelector('#testRunButton1') &&","            document.querySelector('#testRunButton1').click());","        break;","","","","    // run node js-env code - post-init","    /* istanbul ignore next */","    case 'node':","        local.testCase_buildApidoc_default = local.testCase_buildApidoc_default || function (","            options,","            onError","        ) {","        /*","         * this function will test buildApidoc's default handling-behavior-behavior","         */","            options = { modulePathList: module.paths };","            local.buildApidoc(options, onError);","        };","","        local.testCase_buildApp_default = local.testCase_buildApp_default || function (","            options,","            onError","        ) {","        /*","         * this function will test buildApp's default handling-behavior-behavior","         */","            local.testCase_buildReadme_default(options, local.onErrorThrow);","            local.testCase_buildLib_default(options, local.onErrorThrow);","            local.testCase_buildTest_default(options, local.onErrorThrow);","            local.testCase_buildCustomOrg_default(options, local.onErrorThrow);","            options = [];","            local.buildApp(options, onError);","        };","","        local.testCase_buildCustomOrg_default = local.testCase_buildCustomOrg_default ||","            function (options, onError) {","            /*","             * this function will test buildCustomOrg's default handling-behavior","             */","                options = {};","                local.buildCustomOrg(options, onError);","            };","","        local.testCase_buildLib_default = local.testCase_buildLib_default || function (","            options,","            onError","        ) {","        /*","         * this function will test buildLib's default handling-behavior","         */","            options = {};","            local.buildLib(options, onError);","        };","","        local.testCase_buildReadme_default = local.testCase_buildReadme_default || function (","            options,","            onError","        ) {","        /*","         * this function will test buildReadme's default handling-behavior-behavior","         */","            options = {};","            local.buildReadme(options, onError);","        };","","        local.testCase_buildTest_default = local.testCase_buildTest_default || function (","            options,","            onError","        ) {","        /*","         * this function will test buildTest's default handling-behavior","         */","            options = {};","            local.buildTest(options, onError);","        };","","        local.testCase_webpage_default = local.testCase_webpage_default || function (","            options,","            onError","        ) {","        /*","         * this function will test webpage's default handling-behavior","         */","            options = { modeCoverageMerge: true, url: local.serverLocalHost + '?modeTest=1' };","            local.browserTest(options, onError);","        };","","        // run test-server","        local.testRunServer(local);","        break;","    }","}());",""],"l":{"12":2,"14":2,"19":2,"21":2,"23":2,"24":2,"25":2,"30":1,"37":2,"40":2,"43":1,"47":1,"50":1,"52":1,"55":2,"61":2,"62":2,"64":2,"70":1,"76":1,"82":2,"83":2,"85":2,"91":1,"98":1,"102":1,"105":1,"112":1,"119":1,"120":1,"123":1,"130":1,"131":1,"132":1,"133":1,"134":1,"135":1,"138":1,"143":2,"144":2,"147":1,"154":2,"155":2,"158":1,"165":2,"166":2,"169":1,"176":2,"177":2,"180":1,"187":1,"188":1,"192":1,"193":1}},"/home/travis/build/npmtest/node-npmtest-ndm/lib.npmtest_ndm.js":{"path":"/home/travis/build/npmtest/node-npmtest-ndm/lib.npmtest_ndm.js","s":{"1":2,"2":2,"3":2,"4":2,"5":2,"6":2,"7":2,"8":1,"9":2,"10":2,"11":2,"12":2,"13":1,"14":1,"15":1,"16":1},"b":{"1":[2,1,1,1],"2":[1,1,1,1],"3":[1,1],"4":[2,2],"5":[1,1]},"f":{"1":2,"2":2,"3":2},"fnMap":{"1":{"name":"(anonymous_1)","line":12,"loc":{"start":{"line":12,"column":1},"end":{"line":12,"column":13}}},"2":{"name":"(anonymous_2)","line":19,"loc":{"start":{"line":19,"column":5},"end":{"line":19,"column":17}}},"3":{"name":"(anonymous_3)","line":23,"loc":{"start":{"line":23,"column":24},"end":{"line":23,"column":36}}}},"statementMap":{"1":{"start":{"line":12,"column":0},"end":{"line":53,"column":5}},"2":{"start":{"line":14,"column":4},"end":{"line":14,"column":14}},"3":{"start":{"line":19,"column":4},"end":{"line":52,"column":9}},"4":{"start":{"line":21,"column":8},"end":{"line":21,"column":19}},"5":{"start":{"line":23,"column":8},"end":{"line":35,"column":13}},"6":{"start":{"line":24,"column":12},"end":{"line":34,"column":13}},"7":{"start":{"line":25,"column":16},"end":{"line":28,"column":30}},"8":{"start":{"line":30,"column":16},"end":{"line":33,"column":27}},"9":{"start":{"line":37,"column":8},"end":{"line":39,"column":21}},"10":{"start":{"line":41,"column":8},"end":{"line":41,"column":54}},"11":{"start":{"line":43,"column":8},"end":{"line":43,"column":48}},"12":{"start":{"line":45,"column":8},"end":{"line":51,"column":9}},"13":{"start":{"line":46,"column":12},"end":{"line":46,"column":54}},"14":{"start":{"line":48,"column":12},"end":{"line":48,"column":35}},"15":{"start":{"line":49,"column":12},"end":{"line":49,"column":49}},"16":{"start":{"line":50,"column":12},"end":{"line":50,"column":43}}},"branchMap":{"1":{"line":25,"type":"binary-expr","locations":[{"start":{"line":25,"column":23},"end":{"line":25,"column":62}},{"start":{"line":26,"column":20},"end":{"line":26,"column":70}},{"start":{"line":27,"column":20},"end":{"line":27,"column":71}},{"start":{"line":28,"column":20},"end":{"line":28,"column":29}}]},"2":{"line":30,"type":"binary-expr","locations":[{"start":{"line":30,"column":23},"end":{"line":30,"column":37}},{"start":{"line":31,"column":20},"end":{"line":31,"column":61}},{"start":{"line":32,"column":20},"end":{"line":32,"column":70}},{"start":{"line":33,"column":20},"end":{"line":33,"column":26}}]},"3":{"line":37,"type":"cond-expr","locations":[{"start":{"line":38,"column":14},"end":{"line":38,"column":20}},{"start":{"line":39,"column":14},"end":{"line":39,"column":20}}]},"4":{"line":41,"type":"binary-expr","locations":[{"start":{"line":41,"column":16},"end":{"line":41,"column":44}},{"start":{"line":41,"column":48},"end":{"line":41,"column":53}}]},"5":{"line":45,"type":"if","locations":[{"start":{"line":45,"column":8},"end":{"line":45,"column":8}},{"start":{"line":45,"column":8},"end":{"line":45,"column":8}}]}},"code":["/* istanbul instrument in package npmtest_ndm */","/*jslint","    bitwise: true,","    browser: true,","    maxerr: 8,","    maxlen: 96,","    node: true,","    nomen: true,","    regexp: true,","    stupid: true","*/","(function () {","    'use strict';","    var local;","","","","    // run shared js-env code - pre-init","    (function () {","        // init local","        local = {};","        // init modeJs","        local.modeJs = (function () {","            try {","                return typeof navigator.userAgent === 'string' &&","                    typeof document.querySelector('body') === 'object' &&","                    typeof XMLHttpRequest.prototype.open === 'function' &&","                    'browser';","            } catch (errorCaughtBrowser) {","                return module.exports &&","                    typeof process.versions.node === 'string' &&","                    typeof require('http').createServer === 'function' &&","                    'node';","            }","        }());","        // init global","        local.global = local.modeJs === 'browser'","            ? window","            : global;","        // init utility2_rollup","        local = local.global.utility2_rollup || local;","        // init lib","        local.local = local.npmtest_ndm = local;","        // init exports","        if (local.modeJs === 'browser') {","            local.global.utility2_npmtest_ndm = local;","        } else {","            module.exports = local;","            module.exports.__dirname = __dirname;","            module.exports.module = module;","        }","    }());","}());",""],"l":{"12":2,"14":2,"19":2,"21":2,"23":2,"24":2,"25":2,"30":1,"37":2,"41":2,"43":2,"45":2,"46":1,"48":1,"49":1,"50":1}},"/home/travis/build/npmtest/node-npmtest-ndm/example.js":{"path":"/home/travis/build/npmtest/node-npmtest-ndm/example.js","s":{"1":2,"2":2,"3":2,"4":2,"5":2,"6":2,"7":2,"8":1,"9":2,"10":2,"11":2,"12":2,"13":1,"14":2,"15":2,"16":2,"17":2,"18":2,"19":0,"20":2,"21":1,"22":1,"23":1,"24":1,"25":1,"26":0,"27":0,"28":1,"29":1,"30":2,"31":0,"32":0,"33":0,"34":1,"35":2,"36":2,"37":3,"38":3,"39":3,"40":3,"41":0,"42":3,"43":3,"44":3,"45":1,"46":3,"47":1,"48":1,"49":1,"50":1,"51":1,"52":1,"53":1,"54":1,"55":1,"56":1,"57":0,"58":1,"59":6,"60":6,"61":1,"62":2,"63":0,"64":2,"65":1,"66":1,"67":0,"68":0,"69":0,"70":0,"71":0,"72":0,"73":0,"74":0,"75":0,"76":0,"77":0,"78":0,"79":0,"80":0,"81":0,"82":0,"83":0},"b":{"1":[2,1,1,1],"2":[1,1,1,1],"3":[1,1],"4":[2,2],"5":[1,1],"6":[1,1],"7":[2,0],"8":[2,1,1,1,1,1],"9":[0,2,0],"10":[1,1],"11":[2,1,1],"12":[1,0],"13":[0,2],"14":[2,0,0,0,0,0,0],"15":[0,3],"16":[3,0],"17":[1,1],"18":[0,1],"19":[1,2,0,2],"20":[1,0],"21":[1,1],"22":[0,0],"23":[0,0],"24":[0,0],"25":[0,0],"26":[0,0],"27":[0,0],"28":[0,0]},"f":{"1":2,"2":2,"3":2,"4":2,"5":2,"6":2,"7":3,"8":3,"9":3,"10":1,"11":6,"12":0},"fnMap":{"1":{"name":"(anonymous_1)","line":26,"loc":{"start":{"line":26,"column":1},"end":{"line":26,"column":13}}},"2":{"name":"(anonymous_2)","line":33,"loc":{"start":{"line":33,"column":5},"end":{"line":33,"column":17}}},"3":{"name":"(anonymous_3)","line":37,"loc":{"start":{"line":37,"column":24},"end":{"line":37,"column":36}}},"4":{"name":"(anonymous_4)","line":69,"loc":{"start":{"line":69,"column":31},"end":{"line":69,"column":48}},"skip":true},"5":{"name":"(anonymous_5)","line":78,"loc":{"start":{"line":78,"column":26},"end":{"line":78,"column":45}},"skip":true},"6":{"name":"(anonymous_6)","line":123,"loc":{"start":{"line":123,"column":33},"end":{"line":123,"column":48}},"skip":true},"7":{"name":"(anonymous_7)","line":125,"loc":{"start":{"line":125,"column":27},"end":{"line":125,"column":39}},"skip":true},"8":{"name":"(anonymous_8)","line":133,"loc":{"start":{"line":133,"column":59},"end":{"line":133,"column":74}},"skip":true},"9":{"name":"(anonymous_9)","line":143,"loc":{"start":{"line":143,"column":45},"end":{"line":143,"column":62}},"skip":true},"10":{"name":"(anonymous_10)","line":144,"loc":{"start":{"line":144,"column":73},"end":{"line":144,"column":92}},"skip":true},"11":{"name":"(anonymous_11)","line":272,"loc":{"start":{"line":272,"column":51},"end":{"line":272,"column":77}},"skip":true},"12":{"name":"(anonymous_12)","line":315,"loc":{"start":{"line":315,"column":32},"end":{"line":315,"column":61}},"skip":true}},"statementMap":{"1":{"start":{"line":26,"column":0},"end":{"line":326,"column":5}},"2":{"start":{"line":28,"column":4},"end":{"line":28,"column":14}},"3":{"start":{"line":33,"column":4},"end":{"line":60,"column":9}},"4":{"start":{"line":35,"column":8},"end":{"line":35,"column":19}},"5":{"start":{"line":37,"column":8},"end":{"line":49,"column":13}},"6":{"start":{"line":38,"column":12},"end":{"line":48,"column":13}},"7":{"start":{"line":39,"column":16},"end":{"line":42,"column":30}},"8":{"start":{"line":44,"column":16},"end":{"line":47,"column":27}},"9":{"start":{"line":51,"column":8},"end":{"line":53,"column":21}},"10":{"start":{"line":55,"column":8},"end":{"line":57,"column":45}},"11":{"start":{"line":59,"column":8},"end":{"line":59,"column":35}},"12":{"start":{"line":61,"column":4},"end":{"line":325,"column":5}},"13":{"start":{"line":69,"column":8},"end":{"line":121,"column":10},"skip":true},"14":{"start":{"line":70,"column":12},"end":{"line":88,"column":13},"skip":true},"15":{"start":{"line":76,"column":16},"end":{"line":87,"column":19},"skip":true},"16":{"start":{"line":79,"column":20},"end":{"line":86,"column":21},"skip":true},"17":{"start":{"line":82,"column":24},"end":{"line":82,"column":43},"skip":true},"18":{"start":{"line":83,"column":24},"end":{"line":83,"column":30},"skip":true},"19":{"start":{"line":85,"column":24},"end":{"line":85,"column":49},"skip":true},"20":{"start":{"line":89,"column":12},"end":{"line":107,"column":13},"skip":true},"21":{"start":{"line":92,"column":16},"end":{"line":102,"column":17},"skip":true},"22":{"start":{"line":93,"column":20},"end":{"line":93,"column":86},"skip":true},"23":{"start":{"line":94,"column":20},"end":{"line":95,"column":45},"skip":true},"24":{"start":{"line":96,"column":20},"end":{"line":96,"column":42},"skip":true},"25":{"start":{"line":97,"column":20},"end":{"line":97,"column":48},"skip":true},"26":{"start":{"line":100,"column":20},"end":{"line":100,"column":85},"skip":true},"27":{"start":{"line":101,"column":20},"end":{"line":101,"column":96},"skip":true},"28":{"start":{"line":103,"column":16},"end":{"line":103,"column":22},"skip":true},"29":{"start":{"line":106,"column":16},"end":{"line":106,"column":22},"skip":true},"30":{"start":{"line":108,"column":12},"end":{"line":120,"column":13},"skip":true},"31":{"start":{"line":114,"column":16},"end":{"line":119,"column":17},"skip":true},"32":{"start":{"line":116,"column":20},"end":{"line":116,"column":78},"skip":true},"33":{"start":{"line":118,"column":20},"end":{"line":118,"column":47},"skip":true},"34":{"start":{"line":123,"column":8},"end":{"line":141,"column":11},"skip":true},"35":{"start":{"line":124,"column":12},"end":{"line":124,"column":54},"skip":true},"36":{"start":{"line":125,"column":12},"end":{"line":140,"column":14},"skip":true},"37":{"start":{"line":126,"column":16},"end":{"line":126,"column":28},"skip":true},"38":{"start":{"line":127,"column":16},"end":{"line":127,"column":69},"skip":true},"39":{"start":{"line":128,"column":16},"end":{"line":128,"column":75},"skip":true},"40":{"start":{"line":129,"column":16},"end":{"line":131,"column":17},"skip":true},"41":{"start":{"line":130,"column":20},"end":{"line":130,"column":27},"skip":true},"42":{"start":{"line":133,"column":16},"end":{"line":137,"column":36},"skip":true},"43":{"start":{"line":134,"column":20},"end":{"line":136,"column":55},"skip":true},"44":{"start":{"line":139,"column":16},"end":{"line":139,"column":57},"skip":true},"45":{"start":{"line":143,"column":8},"end":{"line":147,"column":11},"skip":true},"46":{"start":{"line":144,"column":12},"end":{"line":146,"column":15},"skip":true},"47":{"start":{"line":145,"column":16},"end":{"line":145,"column":70},"skip":true},"48":{"start":{"line":149,"column":8},"end":{"line":149,"column":31},"skip":true},"49":{"start":{"line":150,"column":8},"end":{"line":150,"column":14},"skip":true},"50":{"start":{"line":158,"column":8},"end":{"line":158,"column":31},"skip":true},"51":{"start":{"line":160,"column":8},"end":{"line":160,"column":33},"skip":true},"52":{"start":{"line":161,"column":8},"end":{"line":161,"column":37},"skip":true},"53":{"start":{"line":162,"column":8},"end":{"line":162,"column":35},"skip":true},"54":{"start":{"line":164,"column":8},"end":{"line":164,"column":50},"skip":true},"55":{"start":{"line":166,"column":8},"end":{"line":256,"column":2},"skip":true},"56":{"start":{"line":258,"column":8},"end":{"line":286,"column":9},"skip":true},"57":{"start":{"line":259,"column":12},"end":{"line":269,"column":14},"skip":true},"58":{"start":{"line":271,"column":12},"end":{"line":285,"column":19},"skip":true},"59":{"start":{"line":274,"column":20},"end":{"line":274,"column":35},"skip":true},"60":{"start":{"line":275,"column":20},"end":{"line":284,"column":21},"skip":true},"61":{"start":{"line":277,"column":24},"end":{"line":277,"column":64},"skip":true},"62":{"start":{"line":279,"column":24},"end":{"line":279,"column":40},"skip":true},"63":{"start":{"line":281,"column":24},"end":{"line":281,"column":40},"skip":true},"64":{"start":{"line":283,"column":24},"end":{"line":283,"column":39},"skip":true},"65":{"start":{"line":288,"column":8},"end":{"line":290,"column":9},"skip":true},"66":{"start":{"line":289,"column":12},"end":{"line":289,"column":18},"skip":true},"67":{"start":{"line":291,"column":8},"end":{"line":293,"column":54},"skip":true},"68":{"start":{"line":296,"column":8},"end":{"line":301,"column":37},"skip":true},"69":{"start":{"line":303,"column":8},"end":{"line":303,"column":82},"skip":true},"70":{"start":{"line":306,"column":8},"end":{"line":308,"column":9},"skip":true},"71":{"start":{"line":307,"column":12},"end":{"line":307,"column":82},"skip":true},"72":{"start":{"line":310,"column":8},"end":{"line":312,"column":9},"skip":true},"73":{"start":{"line":311,"column":12},"end":{"line":311,"column":18},"skip":true},"74":{"start":{"line":313,"column":8},"end":{"line":313,"column":54},"skip":true},"75":{"start":{"line":314,"column":8},"end":{"line":314,"column":69},"skip":true},"76":{"start":{"line":315,"column":8},"end":{"line":323,"column":36},"skip":true},"77":{"start":{"line":316,"column":12},"end":{"line":316,"column":61},"skip":true},"78":{"start":{"line":317,"column":12},"end":{"line":320,"column":13},"skip":true},"79":{"start":{"line":318,"column":16},"end":{"line":318,"column":75},"skip":true},"80":{"start":{"line":319,"column":16},"end":{"line":319,"column":23},"skip":true},"81":{"start":{"line":321,"column":12},"end":{"line":321,"column":38},"skip":true},"82":{"start":{"line":322,"column":12},"end":{"line":322,"column":27},"skip":true},"83":{"start":{"line":324,"column":8},"end":{"line":324,"column":14},"skip":true}},"branchMap":{"1":{"line":39,"type":"binary-expr","locations":[{"start":{"line":39,"column":23},"end":{"line":39,"column":62}},{"start":{"line":40,"column":20},"end":{"line":40,"column":70}},{"start":{"line":41,"column":20},"end":{"line":41,"column":71}},{"start":{"line":42,"column":20},"end":{"line":42,"column":29}}]},"2":{"line":44,"type":"binary-expr","locations":[{"start":{"line":44,"column":23},"end":{"line":44,"column":37}},{"start":{"line":45,"column":20},"end":{"line":45,"column":61}},{"start":{"line":46,"column":20},"end":{"line":46,"column":70}},{"start":{"line":47,"column":20},"end":{"line":47,"column":26}}]},"3":{"line":51,"type":"cond-expr","locations":[{"start":{"line":52,"column":14},"end":{"line":52,"column":20}},{"start":{"line":53,"column":14},"end":{"line":53,"column":20}}]},"4":{"line":55,"type":"binary-expr","locations":[{"start":{"line":55,"column":16},"end":{"line":55,"column":44}},{"start":{"line":55,"column":49},"end":{"line":57,"column":43}}]},"5":{"line":55,"type":"cond-expr","locations":[{"start":{"line":56,"column":14},"end":{"line":56,"column":47}},{"start":{"line":57,"column":14},"end":{"line":57,"column":43}}]},"6":{"line":61,"type":"switch","locations":[{"start":{"line":68,"column":4},"end":{"line":150,"column":14},"skip":true},{"start":{"line":156,"column":4},"end":{"line":324,"column":14},"skip":true}]},"7":{"line":70,"type":"if","locations":[{"start":{"line":70,"column":12},"end":{"line":70,"column":12},"skip":true},{"start":{"line":70,"column":12},"end":{"line":70,"column":12},"skip":true}]},"8":{"line":70,"type":"binary-expr","locations":[{"start":{"line":70,"column":16},"end":{"line":70,"column":22},"skip":true},{"start":{"line":70,"column":27},"end":{"line":70,"column":32},"skip":true},{"start":{"line":71,"column":20},"end":{"line":71,"column":39},"skip":true},{"start":{"line":72,"column":20},"end":{"line":72,"column":49},"skip":true},{"start":{"line":73,"column":20},"end":{"line":73,"column":58},"skip":true},{"start":{"line":74,"column":20},"end":{"line":74,"column":69},"skip":true}]},"9":{"line":79,"type":"switch","locations":[{"start":{"line":80,"column":20},"end":{"line":80,"column":33},"skip":true},{"start":{"line":81,"column":20},"end":{"line":83,"column":30},"skip":true},{"start":{"line":84,"column":20},"end":{"line":85,"column":49},"skip":true}]},"10":{"line":89,"type":"switch","locations":[{"start":{"line":90,"column":12},"end":{"line":103,"column":22},"skip":true},{"start":{"line":105,"column":12},"end":{"line":106,"column":22},"skip":true}]},"11":{"line":89,"type":"binary-expr","locations":[{"start":{"line":89,"column":20},"end":{"line":89,"column":25},"skip":true},{"start":{"line":89,"column":29},"end":{"line":89,"column":48},"skip":true},{"start":{"line":89,"column":52},"end":{"line":89,"column":74},"skip":true}]},"12":{"line":92,"type":"if","locations":[{"start":{"line":92,"column":16},"end":{"line":92,"column":16},"skip":true},{"start":{"line":92,"column":16},"end":{"line":92,"column":16},"skip":true}]},"13":{"line":108,"type":"if","locations":[{"start":{"line":108,"column":12},"end":{"line":108,"column":12},"skip":true},{"start":{"line":108,"column":12},"end":{"line":108,"column":12},"skip":true}]},"14":{"line":108,"type":"binary-expr","locations":[{"start":{"line":108,"column":16},"end":{"line":108,"column":61},"skip":true},{"start":{"line":108,"column":66},"end":{"line":108,"column":72},"skip":true},{"start":{"line":108,"column":77},"end":{"line":108,"column":82},"skip":true},{"start":{"line":109,"column":20},"end":{"line":109,"column":39},"skip":true},{"start":{"line":110,"column":20},"end":{"line":110,"column":49},"skip":true},{"start":{"line":111,"column":20},"end":{"line":111,"column":58},"skip":true},{"start":{"line":112,"column":20},"end":{"line":112,"column":68},"skip":true}]},"15":{"line":129,"type":"if","locations":[{"start":{"line":129,"column":16},"end":{"line":129,"column":16},"skip":true},{"start":{"line":129,"column":16},"end":{"line":129,"column":16},"skip":true}]},"16":{"line":134,"type":"cond-expr","locations":[{"start":{"line":135,"column":26},"end":{"line":135,"column":29},"skip":true},{"start":{"line":136,"column":26},"end":{"line":136,"column":54},"skip":true}]},"17":{"line":164,"type":"binary-expr","locations":[{"start":{"line":164,"column":27},"end":{"line":164,"column":43},"skip":true},{"start":{"line":164,"column":47},"end":{"line":164,"column":49},"skip":true}]},"18":{"line":258,"type":"if","locations":[{"start":{"line":258,"column":8},"end":{"line":258,"column":8},"skip":true},{"start":{"line":258,"column":8},"end":{"line":258,"column":8},"skip":true}]},"19":{"line":275,"type":"switch","locations":[{"start":{"line":276,"column":20},"end":{"line":277,"column":64},"skip":true},{"start":{"line":278,"column":20},"end":{"line":279,"column":40},"skip":true},{"start":{"line":280,"column":20},"end":{"line":281,"column":40},"skip":true},{"start":{"line":282,"column":20},"end":{"line":283,"column":39},"skip":true}]},"20":{"line":288,"type":"if","locations":[{"start":{"line":288,"column":8},"end":{"line":288,"column":8},"skip":true},{"start":{"line":288,"column":8},"end":{"line":288,"column":8},"skip":true}]},"21":{"line":288,"type":"binary-expr","locations":[{"start":{"line":288,"column":12},"end":{"line":288,"column":40},"skip":true},{"start":{"line":288,"column":44},"end":{"line":288,"column":67},"skip":true}]},"22":{"line":292,"type":"binary-expr","locations":[{"start":{"line":292,"column":12},"end":{"line":292,"column":50},"skip":true},{"start":{"line":293,"column":12},"end":{"line":293,"column":53},"skip":true}]},"23":{"line":297,"type":"binary-expr","locations":[{"start":{"line":297,"column":12},"end":{"line":297,"column":61},"skip":true},{"start":{"line":298,"column":12},"end":{"line":301,"column":36},"skip":true}]},"24":{"line":303,"type":"binary-expr","locations":[{"start":{"line":303,"column":43},"end":{"line":303,"column":75},"skip":true},{"start":{"line":303,"column":79},"end":{"line":303,"column":81},"skip":true}]},"25":{"line":306,"type":"if","locations":[{"start":{"line":306,"column":8},"end":{"line":306,"column":8},"skip":true},{"start":{"line":306,"column":8},"end":{"line":306,"column":8},"skip":true}]},"26":{"line":310,"type":"if","locations":[{"start":{"line":310,"column":8},"end":{"line":310,"column":8},"skip":true},{"start":{"line":310,"column":8},"end":{"line":310,"column":8},"skip":true}]},"27":{"line":313,"type":"binary-expr","locations":[{"start":{"line":313,"column":27},"end":{"line":313,"column":43},"skip":true},{"start":{"line":313,"column":47},"end":{"line":313,"column":53},"skip":true}]},"28":{"line":317,"type":"if","locations":[{"start":{"line":317,"column":12},"end":{"line":317,"column":12},"skip":true},{"start":{"line":317,"column":12},"end":{"line":317,"column":12},"skip":true}]}},"code":["/*","example.js","","quickstart example","","instruction","    1. save this script as example.js","    2. run the shell command:","        $ npm install npmtest-ndm && PORT=8081 node example.js","    3. play with the browser-demo on http://127.0.0.1:8081","*/","","","","/* istanbul instrument in package npmtest_ndm */","/*jslint","    bitwise: true,","    browser: true,","    maxerr: 8,","    maxlen: 96,","    node: true,","    nomen: true,","    regexp: true,","    stupid: true","*/","(function () {","    'use strict';","    var local;","","","","    // run shared js-env code - pre-init","    (function () {","        // init local","        local = {};","        // init modeJs","        local.modeJs = (function () {","            try {","                return typeof navigator.userAgent === 'string' &&","                    typeof document.querySelector('body') === 'object' &&","                    typeof XMLHttpRequest.prototype.open === 'function' &&","                    'browser';","            } catch (errorCaughtBrowser) {","                return module.exports &&","                    typeof process.versions.node === 'string' &&","                    typeof require('http').createServer === 'function' &&","                    'node';","            }","        }());","        // init global","        local.global = local.modeJs === 'browser'","            ? window","            : global;","        // init utility2_rollup","        local = local.global.utility2_rollup || (local.modeJs === 'browser'","            ? local.global.utility2_npmtest_ndm","            : global.utility2_moduleExports);","        // export local","        local.global.local = local;","    }());","    switch (local.modeJs) {","","","","    // post-init","    // run browser js-env code - post-init","    /* istanbul ignore next */","    case 'browser':","        local.testRunBrowser = function (event) {","            if (!event || (event &&","                    event.currentTarget &&","                    event.currentTarget.className &&","                    event.currentTarget.className.includes &&","                    event.currentTarget.className.includes('onreset'))) {","                // reset output","                Array.from(","                    document.querySelectorAll('body > .resettable')","                ).forEach(function (element) {","                    switch (element.tagName) {","                    case 'INPUT':","                    case 'TEXTAREA':","                        element.value = '';","                        break;","                    default:","                        element.textContent = '';","                    }","                });","            }","            switch (event && event.currentTarget && event.currentTarget.id) {","            case 'testRunButton1':","                // show tests","                if (document.querySelector('#testReportDiv1').style.display === 'none') {","                    document.querySelector('#testReportDiv1').style.display = 'block';","                    document.querySelector('#testRunButton1').textContent =","                        'hide internal test';","                    local.modeTest = true;","                    local.testRunDefault(local);","                // hide tests","                } else {","                    document.querySelector('#testReportDiv1').style.display = 'none';","                    document.querySelector('#testRunButton1').textContent = 'run internal test';","                }","                break;","            // custom-case","            default:","                break;","            }","            if (document.querySelector('#inputTextareaEval1') && (!event || (event &&","                    event.currentTarget &&","                    event.currentTarget.className &&","                    event.currentTarget.className.includes &&","                    event.currentTarget.className.includes('oneval')))) {","                // try to eval input-code","                try {","                    /*jslint evil: true*/","                    eval(document.querySelector('#inputTextareaEval1').value);","                } catch (errorCaught) {","                    console.error(errorCaught);","                }","            }","        };","        // log stderr and stdout to #outputTextareaStdout1","        ['error', 'log'].forEach(function (key) {","            console[key + '_original'] = console[key];","            console[key] = function () {","                var element;","                console[key + '_original'].apply(console, arguments);","                element = document.querySelector('#outputTextareaStdout1');","                if (!element) {","                    return;","                }","                // append text to #outputTextareaStdout1","                element.value += Array.from(arguments).map(function (arg) {","                    return typeof arg === 'string'","                        ? arg","                        : JSON.stringify(arg, null, 4);","                }).join(' ') + '\\n';","                // scroll textarea to bottom","                element.scrollTop = element.scrollHeight;","            };","        });","        // init event-handling","        ['change', 'click', 'keyup'].forEach(function (event) {","            Array.from(document.querySelectorAll('.on' + event)).forEach(function (element) {","                element.addEventListener(event, local.testRunBrowser);","            });","        });","        // run tests","        local.testRunBrowser();","        break;","","","","    // run node js-env code - post-init","    /* istanbul ignore next */","    case 'node':","        // export local","        module.exports = local;","        // require modules","        local.fs = require('fs');","        local.http = require('http');","        local.url = require('url');","        // init assets","        local.assetsDict = local.assetsDict || {};","        /* jslint-ignore-begin */","        local.assetsDict['/assets.index.template.html'] = '\\","<!doctype html>\\n\\","<html lang=\"en\">\\n\\","<head>\\n\\","<meta charset=\"UTF-8\">\\n\\","<meta name=\"viewport\" content=\"width=device-width, initial-scale=1\">\\n\\","<title>{{env.npm_package_name}} (v{{env.npm_package_version}})</title>\\n\\","<style>\\n\\","/*csslint\\n\\","    box-sizing: false,\\n\\","    universal-selector: false\\n\\","*/\\n\\","* {\\n\\","    box-sizing: border-box;\\n\\","}\\n\\","body {\\n\\","    background: #dde;\\n\\","    font-family: Arial, Helvetica, sans-serif;\\n\\","    margin: 2rem;\\n\\","}\\n\\","body > * {\\n\\","    margin-bottom: 1rem;\\n\\","}\\n\\",".utility2FooterDiv {\\n\\","    margin-top: 20px;\\n\\","    text-align: center;\\n\\","}\\n\\","</style>\\n\\","<style>\\n\\","/*csslint\\n\\","*/\\n\\","textarea {\\n\\","    font-family: monospace;\\n\\","    height: 10rem;\\n\\","    width: 100%;\\n\\","}\\n\\","textarea[readonly] {\\n\\","    background: #ddd;\\n\\","}\\n\\","</style>\\n\\","</head>\\n\\","<body>\\n\\","<!-- utility2-comment\\n\\","<div id=\"ajaxProgressDiv1\" style=\"background: #d00; height: 2px; left: 0; margin: 0; padding: 0; position: fixed; top: 0; transition: background 0.5s, width 1.5s; width: 25%;\"></div>\\n\\","utility2-comment -->\\n\\","<h1>\\n\\","<!-- utility2-comment\\n\\","    <a\\n\\","        {{#if env.npm_package_homepage}}\\n\\","        href=\"{{env.npm_package_homepage}}\"\\n\\","        {{/if env.npm_package_homepage}}\\n\\","        target=\"_blank\"\\n\\","    >\\n\\","utility2-comment -->\\n\\","        {{env.npm_package_name}} (v{{env.npm_package_version}})\\n\\","<!-- utility2-comment\\n\\","    </a>\\n\\","utility2-comment -->\\n\\","</h1>\\n\\","<h3>{{env.npm_package_description}}</h3>\\n\\","<!-- utility2-comment\\n\\","<h4><a download href=\"assets.app.js\">download standalone app</a></h4>\\n\\","<button class=\"onclick onreset\" id=\"testRunButton1\">run internal test</button><br>\\n\\","<div id=\"testReportDiv1\" style=\"display: none;\"></div>\\n\\","utility2-comment -->\\n\\","\\n\\","\\n\\","\\n\\","<label>stderr and stdout</label>\\n\\","<textarea class=\"resettable\" id=\"outputTextareaStdout1\" readonly></textarea>\\n\\","<!-- utility2-comment\\n\\","{{#if isRollup}}\\n\\","<script src=\"assets.app.js\"></script>\\n\\","{{#unless isRollup}}\\n\\","utility2-comment -->\\n\\","<script src=\"assets.utility2.rollup.js\"></script>\\n\\","<script src=\"jsonp.utility2._stateInit?callback=window.utility2._stateInit\"></script>\\n\\","<script src=\"assets.npmtest_ndm.rollup.js\"></script>\\n\\","<script src=\"assets.example.js\"></script>\\n\\","<script src=\"assets.test.js\"></script>\\n\\","<!-- utility2-comment\\n\\","{{/if isRollup}}\\n\\","utility2-comment -->\\n\\","<div class=\"utility2FooterDiv\">\\n\\","    [ this app was created with\\n\\","    <a href=\"https://github.com/kaizhu256/node-utility2\" target=\"_blank\">utility2</a>\\n\\","    ]\\n\\","</div>\\n\\","</body>\\n\\","</html>\\n\\","';","        /* jslint-ignore-end */","        if (local.templateRender) {","            local.assetsDict['/'] = local.templateRender(","                local.assetsDict['/assets.index.template.html'],","                {","                    env: local.objectSetDefault(local.env, {","                        npm_package_description: 'the greatest app in the world!',","                        npm_package_name: 'my-app',","                        npm_package_nameAlias: 'my_app',","                        npm_package_version: '0.0.1'","                    })","                }","            );","        } else {","            local.assetsDict['/'] = local.assetsDict['/assets.index.template.html']","                .replace((/\\{\\{env\\.(\\w+?)\\}\\}/g), function (match0, match1) {","                    // jslint-hack","                    String(match0);","                    switch (match1) {","                    case 'npm_package_description':","                        return 'the greatest app in the world!';","                    case 'npm_package_name':","                        return 'my-app';","                    case 'npm_package_nameAlias':","                        return 'my_app';","                    case 'npm_package_version':","                        return '0.0.1';","                    }","                });","        }","        // run the cli","        if (local.global.utility2_rollup || module !== require.main) {","            break;","        }","        local.assetsDict['/assets.example.js'] =","            local.assetsDict['/assets.example.js'] ||","            local.fs.readFileSync(__filename, 'utf8');","        // bug-workaround - long $npm_package_buildCustomOrg","        /* jslint-ignore-begin */","        local.assetsDict['/assets.npmtest_ndm.rollup.js'] =","            local.assetsDict['/assets.npmtest_ndm.rollup.js'] ||","            local.fs.readFileSync(","                local.npmtest_ndm.__dirname + '/lib.npmtest_ndm.js',","                'utf8'","            ).replace((/^#!/), '//');","        /* jslint-ignore-end */","        local.assetsDict['/favicon.ico'] = local.assetsDict['/favicon.ico'] || '';","        // if $npm_config_timeout_exit exists,","        // then exit this process after $npm_config_timeout_exit ms","        if (Number(process.env.npm_config_timeout_exit)) {","            setTimeout(process.exit, Number(process.env.npm_config_timeout_exit));","        }","        // start server","        if (local.global.utility2_serverHttp1) {","            break;","        }","        process.env.PORT = process.env.PORT || '8081';","        console.error('server starting on port ' + process.env.PORT);","        local.http.createServer(function (request, response) {","            request.urlParsed = local.url.parse(request.url);","            if (local.assetsDict[request.urlParsed.pathname] !== undefined) {","                response.end(local.assetsDict[request.urlParsed.pathname]);","                return;","            }","            response.statusCode = 404;","            response.end();","        }).listen(process.env.PORT);","        break;","    }","}());",""],"l":{"26":2,"28":2,"33":2,"35":2,"37":2,"38":2,"39":2,"44":1,"51":2,"55":2,"59":2,"61":2,"69":1,"70":2,"76":2,"79":2,"82":2,"83":2,"85":1,"89":2,"92":1,"93":1,"94":1,"96":1,"97":1,"100":1,"101":1,"103":1,"106":1,"108":2,"114":1,"116":1,"118":1,"123":1,"124":2,"125":2,"126":3,"127":3,"128":3,"129":3,"130":1,"133":3,"134":3,"139":3,"143":1,"144":3,"145":1,"149":1,"150":1,"158":1,"160":1,"161":1,"162":1,"164":1,"166":1,"258":1,"259":1,"271":1,"274":6,"275":6,"277":1,"279":2,"281":1,"283":2,"288":1,"289":1,"291":1,"296":1,"303":1,"306":1,"307":1,"310":1,"311":1,"313":1,"314":1,"315":1,"316":1,"317":1,"318":1,"319":1,"321":1,"322":1,"324":1}},"/home/travis/build/npmtest/node-npmtest-ndm/node_modules/ndm/lib/index.js":{"path":"/home/travis/build/npmtest/node-npmtest-ndm/node_modules/ndm/lib/index.js","s":{"1":1,"2":0,"3":1,"4":1},"b":{},"f":{"1":0},"fnMap":{"1":{"name":"(anonymous_1)","line":3,"loc":{"start":{"line":3,"column":8},"end":{"line":3,"column":36}}}},"statementMap":{"1":{"start":{"line":1,"column":0},"end":{"line":8,"column":4}},"2":{"start":{"line":4,"column":4},"end":{"line":7,"column":14}},"3":{"start":{"line":11,"column":0},"end":{"line":11,"column":39}},"4":{"start":{"line":13,"column":0},"end":{"line":13,"column":21}}},"branchMap":{},"code":["var _ = require('lodash'),","  CliSelfInstall = require('./cli-self-install'),","  ndm = function(packageName, opts) {","    return CliSelfInstall(_.extend({","      filter: packageName,","      appName: packageName","    }, opts));","  };","","// some other exports are needed.for npme.","ndm.Interview = require('./interview');","","module.exports = ndm;",""],"l":{"1":1,"4":0,"11":1,"13":1}},"/home/travis/build/npmtest/node-npmtest-ndm/node_modules/ndm/lib/cli-self-install.js":{"path":"/home/travis/build/npmtest/node-npmtest-ndm/node_modules/ndm/lib/cli-self-install.js","s":{"1":1,"2":1,"3":0,"4":0,"5":0,"6":0,"7":0,"8":1,"9":1,"10":0,"11":0,"12":0,"13":0,"14":1,"15":0,"16":0,"17":0,"18":0,"19":1,"20":0,"21":0,"22":0,"23":0,"24":1,"25":0,"26":0,"27":0,"28":0,"29":1,"30":0,"31":0,"32":0,"33":1,"34":0,"35":0,"36":0,"37":0,"38":1,"39":0,"40":0,"41":0,"42":0},"b":{"1":[0,0],"2":[0,0],"3":[0,0],"4":[0,0],"5":[0,0],"6":[0,0],"7":[0,0]},"f":{"1":0,"2":0,"3":0,"4":0,"5":0,"6":0,"7":0,"8":0,"9":0,"10":0,"11":0,"12":0,"13":0,"14":0,"15":0,"16":0,"17":0,"18":0,"19":0},"fnMap":{"1":{"name":"CliSelfInstall","line":20,"loc":{"start":{"line":20,"column":0},"end":{"line":20,"column":30}}},"2":{"name":"(anonymous_2)","line":41,"loc":{"start":{"line":41,"column":39},"end":{"line":41,"column":52}}},"3":{"name":"(anonymous_3)","line":43,"loc":{"start":{"line":43,"column":15},"end":{"line":43,"column":26}}},"4":{"name":"(anonymous_4)","line":45,"loc":{"start":{"line":45,"column":22},"end":{"line":45,"column":33}}},"5":{"name":"(anonymous_5)","line":51,"loc":{"start":{"line":51,"column":37},"end":{"line":51,"column":50}}},"6":{"name":"(anonymous_6)","line":53,"loc":{"start":{"line":53,"column":15},"end":{"line":53,"column":26}}},"7":{"name":"(anonymous_7)","line":55,"loc":{"start":{"line":55,"column":22},"end":{"line":55,"column":33}}},"8":{"name":"(anonymous_8)","line":61,"loc":{"start":{"line":61,"column":34},"end":{"line":61,"column":47}}},"9":{"name":"(anonymous_9)","line":63,"loc":{"start":{"line":63,"column":15},"end":{"line":63,"column":26}}},"10":{"name":"(anonymous_10)","line":65,"loc":{"start":{"line":65,"column":22},"end":{"line":65,"column":33}}},"11":{"name":"(anonymous_11)","line":71,"loc":{"start":{"line":71,"column":35},"end":{"line":71,"column":48}}},"12":{"name":"(anonymous_12)","line":73,"loc":{"start":{"line":73,"column":15},"end":{"line":73,"column":26}}},"13":{"name":"(anonymous_13)","line":75,"loc":{"start":{"line":75,"column":22},"end":{"line":75,"column":33}}},"14":{"name":"(anonymous_14)","line":81,"loc":{"start":{"line":81,"column":39},"end":{"line":81,"column":74}}},"15":{"name":"(anonymous_15)","line":83,"loc":{"start":{"line":83,"column":15},"end":{"line":83,"column":26}}},"16":{"name":"(anonymous_16)","line":85,"loc":{"start":{"line":85,"column":22},"end":{"line":85,"column":33}}},"17":{"name":"(anonymous_17)","line":90,"loc":{"start":{"line":90,"column":42},"end":{"line":90,"column":55}}},"18":{"name":"(anonymous_18)","line":93,"loc":{"start":{"line":93,"column":15},"end":{"line":93,"column":35}}},"19":{"name":"(anonymous_19)","line":101,"loc":{"start":{"line":101,"column":17},"end":{"line":101,"column":32}}}},"statementMap":{"1":{"start":{"line":2,"column":0},"end":{"line":15,"column":27}},"2":{"start":{"line":20,"column":0},"end":{"line":37,"column":1}},"3":{"start":{"line":21,"column":2},"end":{"line":29,"column":11}},"4":{"start":{"line":32,"column":2},"end":{"line":32,"column":30}},"5":{"start":{"line":33,"column":2},"end":{"line":33,"column":32}},"6":{"start":{"line":35,"column":2},"end":{"line":35,"column":39}},"7":{"start":{"line":36,"column":2},"end":{"line":36,"column":32}},"8":{"start":{"line":39,"column":0},"end":{"line":39,"column":39}},"9":{"start":{"line":41,"column":0},"end":{"line":49,"column":2}},"10":{"start":{"line":42,"column":2},"end":{"line":43,"column":29}},"11":{"start":{"line":45,"column":2},"end":{"line":48,"column":5}},"12":{"start":{"line":46,"column":4},"end":{"line":46,"column":40}},"13":{"start":{"line":47,"column":4},"end":{"line":47,"column":16}},"14":{"start":{"line":51,"column":0},"end":{"line":59,"column":2}},"15":{"start":{"line":52,"column":2},"end":{"line":53,"column":29}},"16":{"start":{"line":55,"column":2},"end":{"line":58,"column":5}},"17":{"start":{"line":56,"column":4},"end":{"line":56,"column":41}},"18":{"start":{"line":57,"column":4},"end":{"line":57,"column":16}},"19":{"start":{"line":61,"column":0},"end":{"line":69,"column":2}},"20":{"start":{"line":62,"column":2},"end":{"line":63,"column":29}},"21":{"start":{"line":65,"column":2},"end":{"line":68,"column":5}},"22":{"start":{"line":66,"column":4},"end":{"line":66,"column":61}},"23":{"start":{"line":67,"column":4},"end":{"line":67,"column":16}},"24":{"start":{"line":71,"column":0},"end":{"line":79,"column":2}},"25":{"start":{"line":72,"column":2},"end":{"line":73,"column":29}},"26":{"start":{"line":75,"column":2},"end":{"line":78,"column":5}},"27":{"start":{"line":76,"column":4},"end":{"line":76,"column":62}},"28":{"start":{"line":77,"column":4},"end":{"line":77,"column":16}},"29":{"start":{"line":81,"column":0},"end":{"line":88,"column":2}},"30":{"start":{"line":82,"column":2},"end":{"line":83,"column":29}},"31":{"start":{"line":85,"column":2},"end":{"line":87,"column":5}},"32":{"start":{"line":86,"column":4},"end":{"line":86,"column":79}},"33":{"start":{"line":90,"column":0},"end":{"line":97,"column":2}},"34":{"start":{"line":91,"column":2},"end":{"line":91,"column":19}},"35":{"start":{"line":93,"column":2},"end":{"line":96,"column":5}},"36":{"start":{"line":94,"column":4},"end":{"line":94,"column":40}},"37":{"start":{"line":95,"column":4},"end":{"line":95,"column":16}},"38":{"start":{"line":101,"column":0},"end":{"line":107,"column":2}},"39":{"start":{"line":102,"column":2},"end":{"line":106,"column":3}},"40":{"start":{"line":102,"column":20},"end":{"line":102,"column":31}},"41":{"start":{"line":104,"column":4},"end":{"line":104,"column":35}},"42":{"start":{"line":105,"column":4},"end":{"line":105,"column":15}}},"branchMap":{"1":{"line":43,"type":"binary-expr","locations":[{"start":{"line":43,"column":9},"end":{"line":43,"column":11}},{"start":{"line":43,"column":15},"end":{"line":43,"column":28}}]},"2":{"line":53,"type":"binary-expr","locations":[{"start":{"line":53,"column":9},"end":{"line":53,"column":11}},{"start":{"line":53,"column":15},"end":{"line":53,"column":28}}]},"3":{"line":63,"type":"binary-expr","locations":[{"start":{"line":63,"column":9},"end":{"line":63,"column":11}},{"start":{"line":63,"column":15},"end":{"line":63,"column":28}}]},"4":{"line":73,"type":"binary-expr","locations":[{"start":{"line":73,"column":9},"end":{"line":73,"column":11}},{"start":{"line":73,"column":15},"end":{"line":73,"column":28}}]},"5":{"line":83,"type":"binary-expr","locations":[{"start":{"line":83,"column":9},"end":{"line":83,"column":11}},{"start":{"line":83,"column":15},"end":{"line":83,"column":28}}]},"6":{"line":102,"type":"if","locations":[{"start":{"line":102,"column":2},"end":{"line":102,"column":2}},{"start":{"line":102,"column":2},"end":{"line":102,"column":2}}]},"7":{"line":102,"type":"binary-expr","locations":[{"start":{"line":102,"column":6},"end":{"line":102,"column":11}},{"start":{"line":102,"column":15},"end":{"line":102,"column":18}}]}},"code":["// CLI for creating self installing services.","var _ = require('lodash'),","  async = require('async'),","  cli = null,","  CliBase = require('./cli-base').CliBase,","  config = require('./config')(),","  Service = require('./service'),","  Installer = require('./installer'),","  npmconf = require('npmconf'),","  path = require('path'),","  S = require('string'),","  temp = require('temp'),","  util = require('util'),","  utils = require('./utils'),","  yargs = require('yargs');","","// handle a user interacting with the","// command-line, update config appropriately,","// output human readable messages.","function CliSelfInstall(opts) {","  _.extend(this, {","    CliBase: CliBase,","    logger: require('./logger'),","    Interview: require('./interview'),","    service: Service,","    rimraf: require('rimraf'),","    argv: yargs.normalize().argv,","    filter: null, // what service are we self installing?","  }, opts);","","  // for commands like run-script, update service filter.","  config.filter = this.filter;","  config.appName = this.appName;","","  this.updateConfigWithArgs(this.argv); // update config singleton with args.","  config.updateWithOSDefaults();","};","","util.inherits(CliSelfInstall, CliBase);","","CliSelfInstall.prototype.listScripts = function(cb) {","  var _this = this,","    cb = cb || function() {};","","  this._ensureNpmConf(function() {","    _this['list-scripts'](_this.filter);","    return cb();","  });","};","","CliSelfInstall.prototype.runScript = function(cb) {","  var _this = this,","    cb = cb || function() {};","","  this._ensureNpmConf(function() {","    _this['run-script'](_this.argv._[1]);","    return cb();","  });","};","","CliSelfInstall.prototype.remove = function(cb) {","  var _this = this,","    cb = cb || function() {};","","  this._ensureNpmConf(function() {","    _this.CliBase.prototype.remove.call(_this, _this.filter);","    return cb();","  });","};","","CliSelfInstall.prototype.install = function(cb) {","  var _this = this,","    cb = cb || function() {};","","  this._ensureNpmConf(function() {","    _this.CliBase.prototype.install.call(_this, _this.filter);","    return cb();","  });","};","","CliSelfInstall.prototype._runCommand = function(command, serviceName, cb) {","  var _this = this,","    cb = cb || function() {};","","  this._ensureNpmConf(function() {","    _this.CliBase.prototype._runCommand.call(_this, command, _this.filter, cb);","  });","};","","CliSelfInstall.prototype._ensureNpmConf = function(cb) {","  var _this = this;","","  npmconf.load(function (er, conf) {","    _this.updateConfigWithNpmconf(conf);","    return cb();","  });","};","","// export CLI as a singleton, to that","// it can easily be imported for logging.","module.exports = function(opts) {","  if (!opts && cli) return cli;","  else {","    cli = new CliSelfInstall(opts);","    return cli;","  }","};",""],"l":{"2":1,"20":1,"21":0,"32":0,"33":0,"35":0,"36":0,"39":1,"41":1,"42":0,"45":0,"46":0,"47":0,"51":1,"52":0,"55":0,"56":0,"57":0,"61":1,"62":0,"65":0,"66":0,"67":0,"71":1,"72":0,"75":0,"76":0,"77":0,"81":1,"82":0,"85":0,"86":0,"90":1,"91":0,"93":0,"94":0,"95":0,"101":1,"102":0,"104":0,"105":0}},"/home/travis/build/npmtest/node-npmtest-ndm/node_modules/ndm/lib/cli-base.js":{"path":"/home/travis/build/npmtest/node-npmtest-ndm/node_modules/ndm/lib/cli-base.js","s":{"1":1,"2":1,"3":1,"4":0,"5":0,"6":1,"7":0,"8":0,"9":0,"10":0,"11":1,"12":1,"13":1,"14":26,"15":11,"16":1,"17":1,"18":1,"19":1,"20":1,"21":13,"22":1,"23":1,"24":1,"25":1,"26":1,"27":11,"28":13,"29":13,"30":11,"31":11,"32":1,"33":0,"34":0,"35":0,"36":0,"37":0,"38":0,"39":0,"40":0,"41":1,"42":0,"43":0,"44":0,"45":0,"46":0,"47":1,"48":0,"49":0,"50":1,"51":0,"52":0,"53":1,"54":0,"55":0,"56":1,"57":0,"58":0,"59":0,"60":0,"61":0,"62":1,"63":0,"64":0,"65":0,"66":0,"67":0,"68":1,"69":0,"70":0,"71":0,"72":0,"73":1,"74":0,"75":0,"76":0,"77":0,"78":0,"79":0,"80":0,"81":0,"82":0,"83":0,"84":1},"b":{"1":[0,0],"2":[0,0],"3":[0,0],"4":[0,0],"5":[0,0],"6":[11,15],"7":[11,2],"8":[0,0],"9":[0,0],"10":[0,0]},"f":{"1":0,"2":0,"3":0,"4":0,"5":1,"6":26,"7":1,"8":13,"9":11,"10":0,"11":0,"12":0,"13":0,"14":0,"15":0,"16":0,"17":0,"18":0,"19":0,"20":0,"21":0,"22":0,"23":0,"24":0,"25":0,"26":0,"27":0,"28":0,"29":0,"30":0},"fnMap":{"1":{"name":"CliBase","line":15,"loc":{"start":{"line":15,"column":0},"end":{"line":15,"column":19}}},"2":{"name":"(anonymous_2)","line":19,"loc":{"start":{"line":19,"column":44},"end":{"line":19,"column":59}}},"3":{"name":"(anonymous_3)","line":27,"loc":{"start":{"line":27,"column":41},"end":{"line":27,"column":56}}},"4":{"name":"(anonymous_4)","line":30,"loc":{"start":{"line":30,"column":25},"end":{"line":30,"column":39}}},"5":{"name":"(anonymous_5)","line":38,"loc":{"start":{"line":38,"column":33},"end":{"line":38,"column":44}}},"6":{"name":"(anonymous_6)","line":44,"loc":{"start":{"line":44,"column":18},"end":{"line":44,"column":39}}},"7":{"name":"(anonymous_7)","line":60,"loc":{"start":{"line":60,"column":34},"end":{"line":60,"column":45}}},"8":{"name":"(anonymous_8)","line":64,"loc":{"start":{"line":64,"column":25},"end":{"line":64,"column":46}}},"9":{"name":"(anonymous_9)","line":77,"loc":{"start":{"line":77,"column":29},"end":{"line":77,"column":50}}},"10":{"name":"(anonymous_10)","line":89,"loc":{"start":{"line":89,"column":29},"end":{"line":89,"column":40}}},"11":{"name":"(anonymous_11)","line":97,"loc":{"start":{"line":97,"column":54},"end":{"line":97,"column":78}}},"12":{"name":"(anonymous_12)","line":98,"loc":{"start":{"line":98,"column":27},"end":{"line":98,"column":41}}},"13":{"name":"(anonymous_13)","line":103,"loc":{"start":{"line":103,"column":5},"end":{"line":103,"column":16}}},"14":{"name":"(anonymous_14)","line":109,"loc":{"start":{"line":109,"column":27},"end":{"line":109,"column":49}}},"15":{"name":"(anonymous_15)","line":113,"loc":{"start":{"line":113,"column":25},"end":{"line":113,"column":36}}},"16":{"name":"(anonymous_16)","line":115,"loc":{"start":{"line":115,"column":51},"end":{"line":115,"column":69}}},"17":{"name":"(anonymous_17)","line":116,"loc":{"start":{"line":116,"column":27},"end":{"line":116,"column":38}}},"18":{"name":"(anonymous_18)","line":124,"loc":{"start":{"line":124,"column":26},"end":{"line":124,"column":52}}},"19":{"name":"(anonymous_19)","line":129,"loc":{"start":{"line":129,"column":25},"end":{"line":129,"column":51}}},"20":{"name":"(anonymous_20)","line":134,"loc":{"start":{"line":134,"column":28},"end":{"line":134,"column":54}}},"21":{"name":"(anonymous_21)","line":139,"loc":{"start":{"line":139,"column":32},"end":{"line":139,"column":67}}},"22":{"name":"(anonymous_22)","line":142,"loc":{"start":{"line":142,"column":52},"end":{"line":142,"column":76}}},"23":{"name":"(anonymous_23)","line":143,"loc":{"start":{"line":143,"column":32},"end":{"line":143,"column":46}}},"24":{"name":"(anonymous_24)","line":152,"loc":{"start":{"line":152,"column":28},"end":{"line":152,"column":50}}},"25":{"name":"(anonymous_25)","line":161,"loc":{"start":{"line":161,"column":16},"end":{"line":161,"column":27}}},"26":{"name":"(anonymous_26)","line":169,"loc":{"start":{"line":169,"column":36},"end":{"line":169,"column":58}}},"27":{"name":"(anonymous_27)","line":172,"loc":{"start":{"line":172,"column":48},"end":{"line":172,"column":66}}},"28":{"name":"(anonymous_28)","line":180,"loc":{"start":{"line":180,"column":34},"end":{"line":180,"column":55}}},"29":{"name":"(anonymous_29)","line":185,"loc":{"start":{"line":185,"column":63},"end":{"line":185,"column":81}}},"30":{"name":"(anonymous_30)","line":188,"loc":{"start":{"line":188,"column":34},"end":{"line":188,"column":48}}}},"statementMap":{"1":{"start":{"line":3,"column":0},"end":{"line":10,"column":25}},"2":{"start":{"line":15,"column":0},"end":{"line":15,"column":21}},"3":{"start":{"line":19,"column":0},"end":{"line":23,"column":2}},"4":{"start":{"line":20,"column":2},"end":{"line":22,"column":3}},"5":{"start":{"line":21,"column":4},"end":{"line":21,"column":45}},"6":{"start":{"line":27,"column":0},"end":{"line":35,"column":2}},"7":{"start":{"line":28,"column":2},"end":{"line":28,"column":22}},"8":{"start":{"line":30,"column":2},"end":{"line":34,"column":5}},"9":{"start":{"line":31,"column":4},"end":{"line":33,"column":5}},"10":{"start":{"line":32,"column":6},"end":{"line":32,"column":85}},"11":{"start":{"line":38,"column":0},"end":{"line":58,"column":2}},"12":{"start":{"line":39,"column":2},"end":{"line":41,"column":17}},"13":{"start":{"line":44,"column":2},"end":{"line":52,"column":5}},"14":{"start":{"line":45,"column":4},"end":{"line":51,"column":5}},"15":{"start":{"line":46,"column":6},"end":{"line":50,"column":8}},"16":{"start":{"line":54,"column":2},"end":{"line":54,"column":31}},"17":{"start":{"line":57,"column":2},"end":{"line":57,"column":23}},"18":{"start":{"line":60,"column":0},"end":{"line":73,"column":2}},"19":{"start":{"line":61,"column":2},"end":{"line":62,"column":94}},"20":{"start":{"line":64,"column":2},"end":{"line":66,"column":5}},"21":{"start":{"line":65,"column":4},"end":{"line":65,"column":36}},"22":{"start":{"line":68,"column":2},"end":{"line":68,"column":133}},"23":{"start":{"line":69,"column":2},"end":{"line":69,"column":105}},"24":{"start":{"line":70,"column":2},"end":{"line":70,"column":73}},"25":{"start":{"line":72,"column":2},"end":{"line":72,"column":26}},"26":{"start":{"line":77,"column":0},"end":{"line":85,"column":2}},"27":{"start":{"line":78,"column":2},"end":{"line":84,"column":3}},"28":{"start":{"line":79,"column":4},"end":{"line":79,"column":36}},"29":{"start":{"line":80,"column":4},"end":{"line":83,"column":5}},"30":{"start":{"line":81,"column":6},"end":{"line":81,"column":33}},"31":{"start":{"line":82,"column":6},"end":{"line":82,"column":18}},"32":{"start":{"line":89,"column":0},"end":{"line":106,"column":2}},"33":{"start":{"line":90,"column":2},"end":{"line":91,"column":35}},"34":{"start":{"line":93,"column":2},"end":{"line":93,"column":50}},"35":{"start":{"line":97,"column":2},"end":{"line":105,"column":5}},"36":{"start":{"line":98,"column":4},"end":{"line":102,"column":7}},"37":{"start":{"line":99,"column":6},"end":{"line":99,"column":63}},"38":{"start":{"line":100,"column":6},"end":{"line":100,"column":58}},"39":{"start":{"line":101,"column":6},"end":{"line":101,"column":13}},"40":{"start":{"line":104,"column":4},"end":{"line":104,"column":36}},"41":{"start":{"line":109,"column":0},"end":{"line":121,"column":2}},"42":{"start":{"line":110,"column":2},"end":{"line":110,"column":19}},"43":{"start":{"line":113,"column":2},"end":{"line":120,"column":5}},"44":{"start":{"line":115,"column":4},"end":{"line":119,"column":7}},"45":{"start":{"line":116,"column":6},"end":{"line":118,"column":9}},"46":{"start":{"line":117,"column":8},"end":{"line":117,"column":63}},"47":{"start":{"line":124,"column":0},"end":{"line":127,"column":2}},"48":{"start":{"line":125,"column":2},"end":{"line":125,"column":40}},"49":{"start":{"line":126,"column":2},"end":{"line":126,"column":45}},"50":{"start":{"line":129,"column":0},"end":{"line":132,"column":2}},"51":{"start":{"line":130,"column":2},"end":{"line":130,"column":40}},"52":{"start":{"line":131,"column":2},"end":{"line":131,"column":44}},"53":{"start":{"line":134,"column":0},"end":{"line":137,"column":2}},"54":{"start":{"line":135,"column":2},"end":{"line":135,"column":41}},"55":{"start":{"line":136,"column":2},"end":{"line":136,"column":47}},"56":{"start":{"line":139,"column":0},"end":{"line":148,"column":2}},"57":{"start":{"line":140,"column":2},"end":{"line":140,"column":19}},"58":{"start":{"line":142,"column":2},"end":{"line":147,"column":9}},"59":{"start":{"line":143,"column":4},"end":{"line":146,"column":7}},"60":{"start":{"line":144,"column":6},"end":{"line":144,"column":69}},"61":{"start":{"line":145,"column":6},"end":{"line":145,"column":13}},"62":{"start":{"line":152,"column":0},"end":{"line":166,"column":2}},"63":{"start":{"line":153,"column":2},"end":{"line":159,"column":7}},"64":{"start":{"line":161,"column":2},"end":{"line":165,"column":5}},"65":{"start":{"line":162,"column":4},"end":{"line":162,"column":51}},"66":{"start":{"line":163,"column":4},"end":{"line":163,"column":32}},"67":{"start":{"line":164,"column":4},"end":{"line":164,"column":42}},"68":{"start":{"line":169,"column":0},"end":{"line":176,"column":2}},"69":{"start":{"line":170,"column":2},"end":{"line":170,"column":19}},"70":{"start":{"line":172,"column":2},"end":{"line":175,"column":5}},"71":{"start":{"line":173,"column":4},"end":{"line":173,"column":65}},"72":{"start":{"line":174,"column":4},"end":{"line":174,"column":26}},"73":{"start":{"line":180,"column":0},"end":{"line":196,"column":2}},"74":{"start":{"line":181,"column":2},"end":{"line":183,"column":24}},"75":{"start":{"line":185,"column":2},"end":{"line":193,"column":12}},"76":{"start":{"line":186,"column":4},"end":{"line":186,"column":53}},"77":{"start":{"line":186,"column":40},"end":{"line":186,"column":53}},"78":{"start":{"line":188,"column":4},"end":{"line":190,"column":7}},"79":{"start":{"line":189,"column":6},"end":{"line":189,"column":39}},"80":{"start":{"line":189,"column":15},"end":{"line":189,"column":39}},"81":{"start":{"line":192,"column":4},"end":{"line":192,"column":16}},"82":{"start":{"line":195,"column":2},"end":{"line":195,"column":47}},"83":{"start":{"line":195,"column":24},"end":{"line":195,"column":47}},"84":{"start":{"line":198,"column":0},"end":{"line":198,"column":26}}},"branchMap":{"1":{"line":20,"type":"if","locations":[{"start":{"line":20,"column":2},"end":{"line":20,"column":2}},{"start":{"line":20,"column":2},"end":{"line":20,"column":2}}]},"2":{"line":20,"type":"binary-expr","locations":[{"start":{"line":20,"column":6},"end":{"line":20,"column":26}},{"start":{"line":20,"column":30},"end":{"line":20,"column":56}}]},"3":{"line":31,"type":"if","locations":[{"start":{"line":31,"column":4},"end":{"line":31,"column":4}},{"start":{"line":31,"column":4},"end":{"line":31,"column":4}}]},"4":{"line":31,"type":"binary-expr","locations":[{"start":{"line":31,"column":8},"end":{"line":31,"column":17}},{"start":{"line":31,"column":21},"end":{"line":31,"column":54}}]},"5":{"line":32,"type":"cond-expr","locations":[{"start":{"line":32,"column":42},"end":{"line":32,"column":72}},{"start":{"line":32,"column":75},"end":{"line":32,"column":84}}]},"6":{"line":45,"type":"if","locations":[{"start":{"line":45,"column":4},"end":{"line":45,"column":4}},{"start":{"line":45,"column":4},"end":{"line":45,"column":4}}]},"7":{"line":80,"type":"if","locations":[{"start":{"line":80,"column":4},"end":{"line":80,"column":4}},{"start":{"line":80,"column":4},"end":{"line":80,"column":4}}]},"8":{"line":186,"type":"if","locations":[{"start":{"line":186,"column":4},"end":{"line":186,"column":4}},{"start":{"line":186,"column":4},"end":{"line":186,"column":4}}]},"9":{"line":189,"type":"if","locations":[{"start":{"line":189,"column":6},"end":{"line":189,"column":6}},{"start":{"line":189,"column":6},"end":{"line":189,"column":6}}]},"10":{"line":195,"type":"if","locations":[{"start":{"line":195,"column":2},"end":{"line":195,"column":2}},{"start":{"line":195,"column":2},"end":{"line":195,"column":2}}]}},"code":["// base class used by ndm itself, and by the","// ndm self-install-api.","var _ = require('lodash'),","  async = require('async'),","  cli = null,","  config = require('./config')(),","  Service = require('./service'),","  Installer = require('./installer'),","  S = require('string'),","  temp = require('temp');","","// handle a user interacting with the","// command-line, update config appropriately,","// output human readable messages.","function CliBase() {}","","// updates the configuration singleton","// with any important npm configuration","CliBase.prototype.updateConfigWithNpmconf = function(conf) {","  if (!config.modulePrefix || config.modulePrefix === '') {","    config.modulePrefix = conf.get('prefix');","  }","};","","// updates the configuration singleton","// with any CLI args passed in.","CliBase.prototype.updateConfigWithArgs = function(argv) {","  config._argv = argv; // keep track of argv overrides.","","  _.keys(config).forEach(function(key) {","    if (argv[key] && typeof config[key] !== 'function') {","      config[key] = config.parsers[key] ? config.parsers[key](argv[key]) : argv[key];","    }","  });","};","","// generate kwargs CLI parser from config.","CliBase.prototype.generateArgs = function() {","  var _this = this,","    descriptions = config.descriptions(),","    options = {};","","  // populate config flags.","  _.forIn(config, function(value, key) {","    if (descriptions[key]) {","      options[_this._getFlag(key.toLowerCase())] = {","        alias: S(key).dasherize().s,","        describe: descriptions[key],","        default: config[key]","      };","    }","  });","","  _this.yargs.options(options);","","  // now add the usage info.","  this.generateUsage();","};","","CliBase.prototype.generateUsage = function() {","  var _this = this,","    usage = 'Deploy service daemons directly from npm packages:\\n\\nUsage: $0 <cmd> [options]';","","  _.forIn(this.commands, function(value, key) {","    _this.yargs.command(key, value);","  });","","  this.yargs.example('ndm run-script [<script-name>]', 'run a script using the arguments and environment variables in service.json');","  this.yargs.example('ndm generate', 'generate os-specific run scripts (upstart, init.d, .plist, etc.)');","  this.yargs.example('ndm start', 'start all the generated run scripts');","","  this.yargs.usage(usage);","};","","// iterate over the key, and find a flag","// that hasn't yet been used.","CliBase.prototype._getFlag = function(candidates) {","  for (var i = 0; i < candidates.length; i++) {","    var char = candidates.charAt(i);","    if (this.takenFlags.indexOf(char) === -1) {","      this.takenFlags.push(char);","      return char;","    }","  }","};","","// generate service-daemons from","// service.json","CliBase.prototype.generate = function() {","  var _this = this,","    config = require('./config')();","","  this.logger.log('generating service wrappers:');","","  // generate OS-specific daemon wrappers, this process","  // can be asynchrnous.","  async.each(this.service.allServices(config.filter), function(service, done) {","    service.generateScript(function(err) {","      _this.logger.warn(\"  generated \" + service.scriptPath());","      _this.logger.warn('  log path: ' + service.logFile);","      done();","    });","  }, function() {","    _this.service.printRunMessage();","  });","};","","// remove service-daemons","CliBase.prototype.remove = function(serviceName) {","  var _this = this;","","  // stop services before removing their wrappers.","  this.stop(serviceName, function() {","    // now remove the wrapper for each service.","    _this.service.allServices(serviceName).forEach(function(service) {","      service.removeScript(function() {","        _this.logger.warn(\"  removed \" + service.scriptPath());","      });","    });","  });","};","","// start|stop|restart services.","CliBase.prototype.start = function(serviceName, cb) {","  this.logger.log('starting services:');","  this._runCommand('start', serviceName, cb);","};","","CliBase.prototype.stop = function(serviceName, cb) {","  this.logger.log('stopping services:');","  this._runCommand('stop', serviceName, cb);","};","","CliBase.prototype.restart = function(serviceName, cb) {","  this.logger.log('restarting services');","  this._runCommand('restart', serviceName, cb);","};","","CliBase.prototype._runCommand = function(command, serviceName, cb) {","  var _this = this;","","  async.each(this.service.allServices(serviceName), function(service, done) {","    service.runCommand(command, function(err) {","      _this.logger.warn(\"  \" + command + \" \" + service.scriptPath());","      done();","    });","  }, cb);","};","","// Ask a user questions about the service they're","// installing, and install it.","CliBase.prototype.install = function(serviceName) {","  var _this = this,","    tmpServiceJsonPath = temp.path({suffix: '.json'}),","    srcServiceJsonPath = Service._serviceJsonPath(serviceName),","    interview = new this.Interview({","      serviceJsonPath: srcServiceJsonPath,","      tmpServiceJsonPath: tmpServiceJsonPath","    });","","  interview.run(function() {","    config.tmpServiceJsonPath = tmpServiceJsonPath; // point to temporary config.","    _this.generate(serviceName); // generate the service wrappers.","    _this.rimraf.sync(tmpServiceJsonPath); // remove the temporary service.json.","  });","};","","// list all available scripts.","CliBase.prototype['list-scripts'] = function(serviceName) {","  var _this = this;","","  this.service.allServices(serviceName).forEach(function(service) {","    _this.logger.log(service.name + ':\\t' + service.description);","    service.listScripts();","  });","};","","// run a script from package.json's scripts block, in the","// context of service.json's args and envs.","CliBase.prototype['run-script'] = function(scriptName) {","  var _this = this,","    filter = config.filter,","    scriptsExecuted = 0;","","  scriptsExecuted = _.filter(this.service.allServices(filter), function(service) {","    if (!service.hasScript(scriptName)) return false;","","    service.runScript(scriptName, function(err) {","      if (err) _this.logger.error(err);","    });","","    return true;","  }).length;","","  if (!scriptsExecuted) this['list-scripts']();","};","","exports.CliBase = CliBase;",""],"l":{"3":1,"15":1,"19":1,"20":0,"21":0,"27":1,"28":0,"30":0,"31":0,"32":0,"38":1,"39":1,"44":1,"45":26,"46":11,"54":1,"57":1,"60":1,"61":1,"64":1,"65":13,"68":1,"69":1,"70":1,"72":1,"77":1,"78":11,"79":13,"80":13,"81":11,"82":11,"89":1,"90":0,"93":0,"97":0,"98":0,"99":0,"100":0,"101":0,"104":0,"109":1,"110":0,"113":0,"115":0,"116":0,"117":0,"124":1,"125":0,"126":0,"129":1,"130":0,"131":0,"134":1,"135":0,"136":0,"139":1,"140":0,"142":0,"143":0,"144":0,"145":0,"152":1,"153":0,"161":0,"162":0,"163":0,"164":0,"169":1,"170":0,"172":0,"173":0,"174":0,"180":1,"181":0,"185":0,"186":0,"188":0,"189":0,"192":0,"195":0,"198":1}},"/home/travis/build/npmtest/node-npmtest-n
[...]
:7}},"45":{"start":{"line":125,"column":6},"end":{"line":125,"column":73}},"46":{"start":{"line":129,"column":4},"end":{"line":131,"column":7}},"47":{"start":{"line":130,"column":6},"end":{"line":130,"column":71}},"48":{"start":{"line":137,"column":0},"end":{"line":153,"column":2}},"49":{"start":{"line":138,"column":2},"end":{"line":139,"column":24}},"50":{"start":{"line":141,"column":2},"end":{"line":152,"column":3}},"51":{"start":{"line":144,"column":4},"end":{"line":144,"column":51}},"52":{"start":{"line":144,"column":35},"end":{"line":144,"column":51}},"53":{"start":{"line":146,"column":4},"end":{"line":151,"column":6}},"54":{"start":{"line":155,"column":0},"end":{"line":155,"column":27}}},"branchMap":{"1":{"line":32,"type":"if","locations":[{"start":{"line":32,"column":2},"end":{"line":32,"column":2}},{"start":{"line":32,"column":2},"end":{"line":32,"column":2}}]},"2":{"line":49,"type":"if","locations":[{"start":{"line":49,"column":4},"end":{"line":49,"column":4}},{"start":{"line":49,"column":4},"end":{"line":49,"column":4}}]},"3":{"line":49,"type":"binary-expr","locations":[{"start":{"line":49,"column":8},"end":{"line":49,"column":16}},{"start":{"line":49,"column":20},"end":{"line":49,"column":44}},{"start":{"line":49,"column":48},"end":{"line":49,"column":65}}]},"4":{"line":67,"type":"if","locations":[{"start":{"line":67,"column":4},"end":{"line":67,"column":4}},{"start":{"line":67,"column":4},"end":{"line":67,"column":4}}]},"5":{"line":70,"type":"binary-expr","locations":[{"start":{"line":70,"column":25},"end":{"line":70,"column":48}},{"start":{"line":70,"column":52},"end":{"line":70,"column":72}}]},"6":{"line":85,"type":"if","locations":[{"start":{"line":85,"column":4},"end":{"line":85,"column":4}},{"start":{"line":85,"column":4},"end":{"line":85,"column":4}}]},"7":{"line":92,"type":"if","locations":[{"start":{"line":92,"column":2},"end":{"line":92,"column":2}},{"start":{"line":92,"column":2},"end":{"line":92,"column":2}}]},"8":{"line":110,"type":"binary-expr","locations":[{"start":{"line":110,"column":14},"end":{"line":110,"column":32}},{"start":{"line":110,"column":36},"end":{"line":110,"column":38}}]},"9":{"line":115,"type":"binary-expr","locations":[{"start":{"line":115,"column":14},"end":{"line":115,"column":31}},{"start":{"line":115,"column":35},"end":{"line":115,"column":37}}]},"10":{"line":121,"type":"if","locations":[{"start":{"line":121,"column":4},"end":{"line":121,"column":4}},{"start":{"line":121,"column":4},"end":{"line":121,"column":4}}]},"11":{"line":121,"type":"binary-expr","locations":[{"start":{"line":121,"column":8},"end":{"line":121,"column":22}},{"start":{"line":121,"column":26},"end":{"line":121,"column":39}}]},"12":{"line":124,"type":"binary-expr","locations":[{"start":{"line":124,"column":16},"end":{"line":124,"column":40}},{"start":{"line":124,"column":44},"end":{"line":124,"column":46}}]},"13":{"line":129,"type":"binary-expr","locations":[{"start":{"line":129,"column":16},"end":{"line":129,"column":39}},{"start":{"line":129,"column":43},"end":{"line":129,"column":45}}]},"14":{"line":141,"type":"if","locations":[{"start":{"line":141,"column":2},"end":{"line":141,"column":2}},{"start":{"line":141,"column":2},"end":{"line":141,"column":2}}]},"15":{"line":144,"type":"if","locations":[{"start":{"line":144,"column":4},"end":{"line":144,"column":4}},{"start":{"line":144,"column":4},"end":{"line":144,"column":4}}]},"16":{"line":150,"type":"binary-expr","locations":[{"start":{"line":150,"column":16},"end":{"line":150,"column":29}},{"start":{"line":150,"column":33},"end":{"line":150,"column":35}}]}},"code":["var _ = require('lodash'),","  Service = require('./service'),","  utils = require('./utils'),","  uuid = require('node-uuid');","","// ask the user to fill in any variables in","// the service.json of the form <description of value>.","function Interview(opts) {","  _.extend(this,","    {","      inquirer: require('inquirer'),","      questionLookup: {},","      logger: require('./logger'),","      services: null,","      // optionally we can output service.json","      // to a temporary file.","      tmpServiceJsonPath: null","    },","    require('./config')(),","    opts","  );","","  this._loadServiceJson();","}","","// load service.json handling special-case of","// reading configuration from package.json.","Interview.prototype._loadServiceJson = function() {","  this.services = utils.loadServiceJson(this.serviceJsonPath);","","  // we appear to be loading a package.json.","  if (this.serviceJsonPath.indexOf('package.json') !== -1) {","","    // convert package.json to service.json.","    this.services = Service.transformPackageJson(this.services);","  }","};","","// run the interactive interview.","Interview.prototype.run = function(cb) {","  var _this = this;","","  // generate questions from service.json.","  _this._generateQuestions();","","  var questions = this._inquirerQuestions();","","  this.inquirer.prompt(questions, function(answers) {","    if (!answers || _this.tmpServiceJsonPath || answers.overwrite) {","      _this._updateServiceVariables(answers);","    } else {","      _this.logger.error('aborted writing service.json')","    }","    cb();","  });","};","","// update the stored services object with","// the answers to the interview.","Interview.prototype._updateServiceVariables = function(answers) {","  var _this = this;","","  Object.keys(answers).forEach(function(answerKey) {","    var answer = answers[answerKey],","      question = _this.questionLookup[answerKey];","","    if (question) question.parent[question.key] = answer;","  });","","  utils.writeServiceJson(this.tmpServiceJsonPath || this.serviceJsonPath, this.services);","};","","// generate questions in a form inquirer can use.","Interview.prototype._inquirerQuestions = function() {","  var _this = this,","    questions = [];","","  Object.keys(this.questionLookup).forEach(function(name) {","    var question = {","      message: _this.questionLookup[name].message,","      name: name","    }","","    // default values are optional.","    if (_this.questionLookup[name].default) question.default = _this.questionLookup[name].default;","","    questions.push(question);","  });","","  // confirm that the user actually wants to overwrite","  // service.json.","  if (!_this.tmpServiceJsonPath) {","    questions.push({","      name: 'overwrite',","      type: 'confirm',","      message: 'overwrite service.json with new values?'","    });","  }","","  return questions;","};","","// Generate a mapping of questions, convenient for","// prompting the user with inquirer, and for","// modifying the origina JSON.","Interview.prototype._generateQuestions = function() {","  var _this = this;","","  // generate questions from the global args object.","  Object.keys(this.services.args || {}).forEach(function(arg) {","    _this._addQuestion('args:' + arg, _this.services.args);","  });","","  // generate questions from the global env object.","  Object.keys(this.services.env || {}).forEach(function(env) {","    _this._addQuestion('env:' + env, _this.services.env);","  });","","  // now generate interview questions for each service.","  Object.keys(this.services).forEach(function(key) {","    if (key === 'args' || key === 'env') return;","","    // add questions pulled from args.","    Object.keys(_this.services[key].args || {}).forEach(function(arg) {","      _this._addQuestion(key + ':args:' + arg, _this.services[key].args);","    });","","    // add questions pulled from env.","    Object.keys(_this.services[key].env || {}).forEach(function(env) {","      _this._addQuestion(key + ':env:' + env, _this.services[key].env);","    });","  });","};","","// check whether a question should be interviewed for","// and add to questions array.","Interview.prototype._addQuestion = function(uniqueKey, parent) {","  var key = uniqueKey.split(':').pop(),","    value = parent[key];","","  if (typeof value === 'object') {","    // this key did not collide, we do not need","    // to namespace it.","    if (!this.questionLookup[key]) uniqueKey = key;","","    this.questionLookup[uniqueKey] = {","      key: key, // key to modify in original JSON.","      parent: parent, // node in original JSON to modify,","      message: value.description, // description for inquirer.","      default: (value.default || '').replace('{{uuid}}', uuid.v4()) // default value to display.","    };","  };","};","","module.exports = Interview;",""],"l":{"1":1,"8":1,"9":0,"23":0,"28":1,"29":0,"32":0,"35":0,"40":1,"41":0,"44":0,"46":0,"48":0,"49":0,"50":0,"52":0,"54":0,"60":1,"61":0,"63":0,"64":0,"67":0,"70":0,"74":1,"75":0,"78":0,"79":0,"85":0,"87":0,"92":0,"93":0,"100":0,"106":1,"107":0,"110":0,"111":0,"115":0,"116":0,"120":0,"121":0,"124":0,"125":0,"129":0,"130":0,"137":1,"138":0,"141":0,"144":0,"146":0,"155":1}},"/home/travis/build/npmtest/node-npmtest-ndm/node_modules/ndm/bin/ndm.js":{"path":"/home/travis/build/npmtest/node-npmtest-ndm/node_modules/ndm/bin/ndm.js","s":{"1":1,"2":1,"3":0,"4":0,"5":0},"b":{"1":[0,0]},"f":{"1":0},"fnMap":{"1":{"name":"(anonymous_1)","line":6,"loc":{"start":{"line":6,"column":19},"end":{"line":6,"column":30}}}},"statementMap":{"1":{"start":{"line":3,"column":0},"end":{"line":3,"column":30}},"2":{"start":{"line":6,"column":0},"end":{"line":9,"column":3}},"3":{"start":{"line":7,"column":2},"end":{"line":8,"column":23}},"4":{"start":{"line":7,"column":46},"end":{"line":7,"column":62}},"5":{"start":{"line":8,"column":7},"end":{"line":8,"column":23}}},"branchMap":{"1":{"line":7,"type":"if","locations":[{"start":{"line":7,"column":2},"end":{"line":7,"column":2}},{"start":{"line":7,"column":2},"end":{"line":7,"column":2}}]}},"code":["//#!/usr/bin/env node","","require('../lib/cli')().run();","","// emit the appropriate exit code before shutting down.","process.on('exit', function() {","  if (require('../lib/logger').errorLogged()) process.exit(1);","  else process.exit(0);","});",""],"l":{"3":1,"6":1,"7":0,"8":0}},"/home/travis/build/npmtest/node-npmtest-ndm/node_modules/ndm/lib/cli.js":{"path":"/home/travis/build/npmtest/node-npmtest-ndm/node_modules/ndm/lib/cli.js","s":{"1":1,"2":1,"3":1,"4":1,"5":1,"6":1,"7":1,"8":1,"9":1,"10":1,"11":0,"12":0,"13":0,"14":0,"15":0,"16":0,"17":0,"18":0,"19":0,"20":0,"21":0,"22":1,"23":0,"24":0,"25":1,"26":0,"27":0,"28":1,"29":0,"30":0,"31":0,"32":1,"33":0,"34":0,"35":1,"36":0,"37":0,"38":0,"39":1,"40":1,"41":0,"42":1,"43":1},"b":{"1":[1,0],"2":[1,0],"3":[0,0],"4":[0,1],"5":[1,1]},"f":{"1":1,"2":1,"3":0,"4":0,"5":0,"6":0,"7":0,"8":0,"9":0,"10":0,"11":1},"fnMap":{"1":{"name":"Cli","line":19,"loc":{"start":{"line":19,"column":0},"end":{"line":19,"column":19}}},"2":{"name":"(anonymous_2)","line":49,"loc":{"start":{"line":49,"column":20},"end":{"line":49,"column":31}}},"3":{"name":"(anonymous_3)","line":66,"loc":{"start":{"line":66,"column":17},"end":{"line":66,"column":37}}},"4":{"name":"(anonymous_4)","line":82,"loc":{"start":{"line":82,"column":21},"end":{"line":82,"column":32}}},"5":{"name":"(anonymous_5)","line":89,"loc":{"start":{"line":89,"column":23},"end":{"line":89,"column":34}}},"6":{"name":"(anonymous_6)","line":95,"loc":{"start":{"line":95,"column":21},"end":{"line":95,"column":43}}},"7":{"name":"(anonymous_7)","line":98,"loc":{"start":{"line":98,"column":48},"end":{"line":98,"column":66}}},"8":{"name":"(anonymous_8)","line":104,"loc":{"start":{"line":104,"column":26},"end":{"line":104,"column":37}}},"9":{"name":"(anonymous_9)","line":106,"loc":{"start":{"line":106,"column":16},"end":{"line":106,"column":27}}},"10":{"name":"(anonymous_10)","line":110,"loc":{"start":{"line":110,"column":24},"end":{"line":110,"column":35}}},"11":{"name":"(anonymous_11)","line":121,"loc":{"start":{"line":121,"column":17},"end":{"line":121,"column":32}}}},"statementMap":{"1":{"start":{"line":2,"column":0},"end":{"line":14,"column":31}},"2":{"start":{"line":19,"column":0},"end":{"line":43,"column":1}},"3":{"start":{"line":20,"column":2},"end":{"line":42,"column":11}},"4":{"start":{"line":45,"column":0},"end":{"line":45,"column":28}},"5":{"start":{"line":49,"column":0},"end":{"line":79,"column":2}},"6":{"start":{"line":50,"column":2},"end":{"line":51,"column":16}},"7":{"start":{"line":53,"column":2},"end":{"line":53,"column":22}},"8":{"start":{"line":55,"column":2},"end":{"line":55,"column":25}},"9":{"start":{"line":57,"column":2},"end":{"line":78,"column":3}},"10":{"start":{"line":58,"column":4},"end":{"line":58,"column":39}},"11":{"start":{"line":59,"column":9},"end":{"line":78,"column":3}},"12":{"start":{"line":60,"column":4},"end":{"line":60,"column":60}},"13":{"start":{"line":61,"column":4},"end":{"line":61,"column":39}},"14":{"start":{"line":64,"column":4},"end":{"line":64,"column":39}},"15":{"start":{"line":66,"column":4},"end":{"line":77,"column":7}},"16":{"start":{"line":68,"column":6},"end":{"line":68,"column":42}},"17":{"start":{"line":69,"column":6},"end":{"line":69,"column":39}},"18":{"start":{"line":70,"column":6},"end":{"line":70,"column":36}},"19":{"start":{"line":72,"column":6},"end":{"line":76,"column":7}},"20":{"start":{"line":73,"column":8},"end":{"line":73,"column":55}},"21":{"start":{"line":75,"column":8},"end":{"line":75,"column":38}},"22":{"start":{"line":82,"column":0},"end":{"line":85,"column":2}},"23":{"start":{"line":83,"column":2},"end":{"line":83,"column":47}},"24":{"start":{"line":84,"column":2},"end":{"line":84,"column":27}},"25":{"start":{"line":89,"column":0},"end":{"line":92,"column":2}},"26":{"start":{"line":90,"column":2},"end":{"line":90,"column":44}},"27":{"start":{"line":91,"column":2},"end":{"line":91,"column":29}},"28":{"start":{"line":95,"column":0},"end":{"line":101,"column":2}},"29":{"start":{"line":96,"column":2},"end":{"line":96,"column":19}},"30":{"start":{"line":98,"column":2},"end":{"line":100,"column":5}},"31":{"start":{"line":99,"column":4},"end":{"line":99,"column":65}},"32":{"start":{"line":104,"column":0},"end":{"line":107,"column":2}},"33":{"start":{"line":105,"column":2},"end":{"line":105,"column":39}},"34":{"start":{"line":106,"column":2},"end":{"line":106,"column":31}},"35":{"start":{"line":110,"column":0},"end":{"line":117,"column":2}},"36":{"start":{"line":111,"column":2},"end":{"line":113,"column":5}},"37":{"start":{"line":115,"column":2},"end":{"line":115,"column":60}},"38":{"start":{"line":116,"column":2},"end":{"line":116,"column":45}},"39":{"start":{"line":121,"column":0},"end":{"line":127,"column":2}},"40":{"start":{"line":122,"column":2},"end":{"line":126,"column":3}},"41":{"start":{"line":122,"column":20},"end":{"line":122,"column":31}},"42":{"start":{"line":124,"column":4},"end":{"line":124,"column":24}},"43":{"start":{"line":125,"column":4},"end":{"line":125,"column":15}}},"branchMap":{"1":{"line":57,"type":"if","locations":[{"start":{"line":57,"column":2},"end":{"line":57,"column":2}},{"start":{"line":57,"column":2},"end":{"line":57,"column":2}}]},"2":{"line":57,"type":"binary-expr","locations":[{"start":{"line":57,"column":6},"end":{"line":57,"column":25}},{"start":{"line":57,"column":29},"end":{"line":57,"column":38}}]},"3":{"line":59,"type":"if","locations":[{"start":{"line":59,"column":9},"end":{"line":59,"column":9}},{"start":{"line":59,"column":9},"end":{"line":59,"column":9}}]},"4":{"line":122,"type":"if","locations":[{"start":{"line":122,"column":2},"end":{"line":122,"column":2}},{"start":{"line":122,"column":2},"end":{"line":122,"column":2}}]},"5":{"line":122,"type":"binary-expr","locations":[{"start":{"line":122,"column":6},"end":{"line":122,"column":11}},{"start":{"line":122,"column":15},"end":{"line":122,"column":18}}]}},"code":["// the CLI helper used by ndm itself.","var _ = require('lodash'),","  async = require('async'),","  cli = null,","  CliBase = require('./cli-base').CliBase,","  config = require('./config')(),","  fs = require('fs'),","  Installer = require('./installer'),","  path = require('path'),","  Service = require('./service'),","  S = require('string'),","  temp = require('temp'),","  util = require('util'),","  npmconf = require('npmconf');","","// handle a user interacting with the","// command-line, update config appropriately,","// output human readable messages.","function Cli(opts) {","  _.extend(this, {","    logger: require('./logger'),","    Interview: require('./interview'),","    service: Service,","    rimraf: require('rimraf'),","    yargs: require('yargs'), // overridable parsed arguments.","    takenFlags: [],","    commands: {","      'install': \"ask user about environment variables and install service.\",","      'start': \"start all, or a specific service.\",","      'stop': \"stop all, or a specific service.\",","      'restart': \"restart all, or a specific service.\",","      'remove': \"remove OS-specific daemon wrappers.\",","      'init': \"create the ndm service.json.\",","      'generate': \"generate OS-specific daemon wrappers.\",","      'update': \"update service.json with new services.\",","      'list': \"list all services availble in service.json\",","      'interview': \"ask the user to fill in missing fields in service.json\",","      'run-script': \"run script with env and args from service.json\",","      'list-scripts': \"list all the scripts provided by ndm services\",","      'version': \"print the current version of ndm that is installed\"","    }","  }, opts);","};","","util.inherits(Cli, CliBase);","","// actually run the cli, the cli is also","// included and used for logging.","Cli.prototype.run = function() {","  var _this = this,","    argv = null;","","  this.generateArgs();","","  argv = this.yargs.argv;","","  if (argv._.length === 0 || argv.help) {","    this.logger.log(this.yargs.help());","  } else if (!this.commands[argv._[0]]){","    this.logger.error('command ' + argv._[0] + ' not found')","    this.logger.log(this.yargs.help());","  } else {","    // make the aliases actually work.","    argv = this.yargs.normalize().argv;","","    npmconf.load(function (er, conf) {","      // update config singleton.","      _this.updateConfigWithNpmconf(conf);","      _this.updateConfigWithArgs(argv);","      config.updateWithOSDefaults();","","      try { // execute the command, passing along args.","        _this[argv._[0]].apply(_this, argv._.slice(1));","      } catch (e) {","        _this.logger.error(e.message);","      }","    });","  }","};","","// initialize ndm directory.","Cli.prototype.init = function() {","  this.logger.log(\"setting up ndm directory:\");","  (new Installer()).init();","};","","// update service.json with new","// services in package.json.","Cli.prototype.update = function() {","  this.logger.log(\"updating service.json:\");","  (new Installer()).update();","};","","// list all available services.","Cli.prototype.list = function(serviceName) {","  var _this = this;","","  this.service.allServices(serviceName).forEach(function(service) {","    _this.logger.log(service.name + \":\\t\" + service.description);","  });","};","","// interactive Q/A session with service.json.","Cli.prototype.interview = function() {","  var interview = new this.Interview();","  interview.run(function() {});","};","","// prints the current version of ndm that is installed.","Cli.prototype.version = function() {","  var packageJson = JSON.parse(fs.readFileSync(","    path.resolve(__dirname, '../package.json'), 'utf-8'","  ));","","  this.logger.success('ndm version ' + packageJson.version);","  this.logger.warn('services in the cloud!');","};","","// export CLI as a singleton, to that","// it can easily be imported for logging.","module.exports = function(opts) {","  if (!opts && cli) return cli;","  else {","    cli = new Cli(opts);","    return cli;","  }","};",""],"l":{"2":1,"19":1,"20":1,"45":1,"49":1,"50":1,"53":1,"55":1,"57":1,"58":1,"59":0,"60":0,"61":0,"64":0,"66":0,"68":0,"69":0,"70":0,"72":0,"73":0,"75":0,"82":1,"83":0,"84":0,"89":1,"90":0,"91":0,"95":1,"96":0,"98":0,"99":0,"104":1,"105":0,"106":0,"110":1,"111":0,"115":0,"116":0,"121":1,"122":1,"124":1,"125":1}}}